p/IMG_20221225_175836.jpg 1 0 0 3000 3000
p/IMG_20221225_175835.jpg 1 0 0 3000 3000
p/IMG_20221225_175835_1.jpg 1 0 0 3000 3000
p/IMG_20221225_175834_1.jpg 1 0 0 3000 3000
p/IMG_20221225_175833.jpg 1 0 0 3000 3000
p/IMG_20221225_175834.jpg 1 0 0 3000 3000
p/IMG_20221225_175832.jpg 1 0 0 3000 3000
p/IMG_20221225_175832_1.jpg 1 0 0 3000 3000
p/IMG_20221225_175831_1.jpg 1 0 0 3000 3000
p/IMG_20221225_175830.jpg 1 0 0 3000 3000
p/IMG_20221225_175831.jpg 1 0 0 3000 3000
p/IMG_20221225_175829.jpg 1 0 0 3000 3000
p/IMG_20221225_175829_1.jpg 1 0 0 3000 3000
p/IMG_20221225_175828_1.jpg 1 0 0 3000 3000
p/IMG_20221225_175827.jpg 1 0 0 3000 3000
p/IMG_20221225_175828.jpg 1 0 0 3000 3000
p/IMG_20221225_175826_1.jpg 1 0 0 3000 3000
p/IMG_20221225_175825_1.jpg 1 0 0 3000 3000
p/IMG_20221225_175826.jpg 1 0 0 3000 3000
p/IMG_20221225_175824.jpg 1 0 0 3000 3000
p/IMG_20221225_175825.jpg 1 0 0 3000 3000
p/IMG_20221225_175823_1.jpg 1 0 0 3000 3000
p/IMG_20221225_175822_1.jpg 1 0 0 3000 3000
p/IMG_20221225_175823.jpg 1 0 0 3000 3000
p/IMG_20221225_175821.jpg 1 0 0 3000 3000
p/IMG_20221225_175822.jpg 1 0 0 3000 3000
p/IMG_20221225_175820_1.jpg 1 0 0 3000 3000
p/IMG_20221225_175819.jpg 1 0 0 3000 3000
p/IMG_20221225_175820.jpg 1 0 0 3000 3000
p/IMG_20221225_175818.jpg 1 0 0 3000 3000
p/IMG_20221225_175818_1.jpg 1 0 0 3000 3000
p/IMG_20221225_175817_1.jpg 1 0 0 3000 3000
p/IMG_20221225_175816_1.jpg 1 0 0 3000 3000
p/IMG_20221225_175817.jpg 1 0 0 3000 3000
p/IMG_20221225_175815.jpg 1 0 0 3000 3000
p/IMG_20221225_175816.jpg 1 0 0 3000 3000
p/IMG_20221225_175814_1.jpg 1 0 0 3000 3000
p/IMG_20221225_175813_1.jpg 1 0 0 3000 3000
p/IMG_20221225_175814.jpg 1 0 0 3000 3000
p/IMG_20221225_175812.jpg 1 0 0 3000 3000
p/IMG_20221225_175813.jpg 1 0 0 3000 3000
p/IMG_20221225_175811_1.jpg 1 0 0 3000 3000
p/IMG_20221225_175810.jpg 1 0 0 3000 3000
p/IMG_20221225_175811.jpg 1 0 0 3000 3000
p/IMG_20221225_175809_1.jpg 1 0 0 3000 3000
p/IMG_20221225_175808_1.jpg 1 0 0 3000 3000
p/IMG_20221225_175809.jpg 1 0 0 3000 3000
p/IMG_20221225_175807.jpg 1 0 0 3000 3000
p/IMG_20221225_175808.jpg 1 0 0 3000 3000
p/IMG_20221225_175806_1.jpg 1 0 0 3000 3000
p/IMG_20221225_175805.jpg 1 0 0 3000 3000
p/IMG_20221225_175806.jpg 1 0 0 3000 3000
p/IMG_20221225_175804.jpg 1 0 0 3000 3000
p/IMG_20221225_175804_1.jpg 1 0 0 3000 3000
p/IMG_20221225_175425_1.jpg 1 0 0 3000 3000
p/IMG_20221225_175424.jpg 1 0 0 3000 3000
p/IMG_20221225_175425.jpg 1 0 0 3000 3000
p/IMG_20221225_175423.jpg 1 0 0 3000 3000
p/IMG_20221225_175422.jpg 1 0 0 3000 3000
p/IMG_20221225_175421_1.jpg 1 0 0 3000 3000
p/IMG_20221225_175420_1.jpg 1 0 0 3000 3000
p/IMG_20221225_175421.jpg 1 0 0 3000 3000
p/IMG_20221225_175419.jpg 1 0 0 3000 3000
p/IMG_20221225_175420.jpg 1 0 0 3000 3000
p/IMG_20221225_175418_1.jpg 1 0 0 3000 3000
p/IMG_20221225_175418.jpg 1 0 0 3000 3000
p/IMG_20221225_175416.jpg 1 0 0 3000 3000
p/IMG_20221225_175417.jpg 1 0 0 3000 3000
p/IMG_20221225_175415.jpg 1 0 0 3000 3000
p/IMG_20221225_175415_1.jpg 1 0 0 3000 3000
p/IMG_20221225_175414.jpg 1 0 0 3000 3000
p/IMG_20221225_175413_1.jpg 1 0 0 3000 3000
p/IMG_20221225_175412.jpg 1 0 0 3000 3000
p/IMG_20221225_175413.jpg 1 0 0 3000 3000
p/IMG_20221225_175411_1.jpg 1 0 0 3000 3000
p/IMG_20221225_175410_1.jpg 1 0 0 3000 3000
p/IMG_20221225_175411.jpg 1 0 0 3000 3000
p/IMG_20221225_175409.jpg 1 0 0 3000 3000
p/IMG_20221225_175410.jpg 1 0 0 3000 3000
p/IMG_20221225_175408_1.jpg 1 0 0 3000 3000
p/IMG_20221225_175407_1.jpg 1 0 0 3000 3000
p/IMG_20221225_175408.jpg 1 0 0 3000 3000
p/IMG_20221225_175407.jpg 1 0 0 3000 3000
p/IMG_20221225_175405_1.jpg 1 0 0 3000 3000
p/IMG_20221225_175406.jpg 1 0 0 3000 3000
p/IMG_20221225_175405.jpg 1 0 0 3000 3000
p/IMG_20221225_175403_1.jpg 1 0 0 3000 3000
p/IMG_20221225_175404.jpg 1 0 0 3000 3000
p/IMG_20221225_175403.jpg 1 0 0 3000 3000
p/IMG_20221225_175401_1.jpg 1 0 0 3000 3000
p/IMG_20221225_175402.jpg 1 0 0 3000 3000
p/IMG_20221225_175400.jpg 1 0 0 3000 3000
p/IMG_20221225_175401.jpg 1 0 0 3000 3000
p/IMG_20221225_175359_1.jpg 1 0 0 3000 3000
p/IMG_20221225_175358_1.jpg 1 0 0 3000 3000
p/IMG_20221225_175359.jpg 1 0 0 3000 3000
p/IMG_20221225_175357.jpg 1 0 0 3000 3000
p/IMG_20221225_175358.jpg 1 0 0 3000 3000
p/IMG_20221225_175356_1.jpg 1 0 0 3000 3000
p/IMG_20221225_175355.jpg 1 0 0 3000 3000
p/IMG_20221225_175356.jpg 1 0 0 3000 3000
p/IMG_20221225_175354_1.jpg 1 0 0 3000 3000
p/IMG_20221225_175353.jpg 1 0 0 3000 3000
p/IMG_20221225_175354.jpg 1 0 0 3000 3000
p/IMG_20221225_175352_1.jpg 1 0 0 3000 3000
p/IMG_20221225_175351.jpg 1 0 0 3000 3000
p/IMG_20221225_175352.jpg 1 0 0 3000 3000
p/IMG_20221225_175350_1.jpg 1 0 0 3000 3000
p/IMG_20221225_175349.jpg 1 0 0 3000 3000
p/IMG_20221225_175350.jpg 1 0 0 3000 3000
p/IMG_20221225_175348_1.jpg 1 0 0 3000 3000
p/IMG_20221225_175347.jpg 1 0 0 3000 3000
p/IMG_20221225_175348.jpg 1 0 0 3000 3000
p/IMG_20221225_175346_1.jpg 1 0 0 3000 3000
p/IMG_20221225_175345.jpg 1 0 0 3000 3000
p/IMG_20221225_175346.jpg 1 0 0 3000 3000
p/IMG_20221225_175344.jpg 1 0 0 3000 3000
p/IMG_20221225_175343_1.jpg 1 0 0 3000 3000
p/IMG_20221225_175342_1.jpg 1 0 0 3000 3000
p/IMG_20221225_175343.jpg 1 0 0 3000 3000
p/IMG_20221225_175341.jpg 1 0 0 3000 3000
p/IMG_20221225_175342.jpg 1 0 0 3000 3000
p/IMG_20221225_175340_1.jpg 1 0 0 3000 3000
p/IMG_20221225_175340.jpg 1 0 0 3000 3000
p/IMG_20221225_175338.jpg 1 0 0 3000 3000
p/IMG_20221225_175339.jpg 1 0 0 3000 3000
p/IMG_20221225_175337_1.jpg 1 0 0 3000 3000
p/IMG_20221225_175336_1.jpg 1 0 0 3000 3000
p/IMG_20221225_175337.jpg 1 0 0 3000 3000
p/IMG_20221225_175335.jpg 1 0 0 3000 3000
p/IMG_20221225_175336.jpg 1 0 0 3000 3000
p/IMG_20221225_175334_1.jpg 1 0 0 3000 3000
p/IMG_20221225_175334.jpg 1 0 0 3000 3000
p/IMG_20221225_175332.jpg 1 0 0 3000 3000
p/IMG_20221225_175333.jpg 1 0 0 3000 3000
p/IMG_20221225_175331_1.jpg 1 0 0 3000 3000
p/IMG_20221225_175330.jpg 1 0 0 3000 3000
p/IMG_20221225_175331.jpg 1 0 0 3000 3000
p/IMG_20221225_175329_1.jpg 1 0 0 3000 3000
p/IMG_20221225_175328.jpg 1 0 0 3000 3000
p/IMG_20221225_175329.jpg 1 0 0 3000 3000
p/IMG_20221225_175327_1.jpg 1 0 0 3000 3000
p/IMG_20221225_175327.jpg 1 0 0 3000 3000
p/IMG_20221225_175325.jpg 1 0 0 3000 3000
p/IMG_20221225_175326.jpg 1 0 0 3000 3000
p/IMG_20221225_175324_1.jpg 1 0 0 3000 3000
p/IMG_20221225_175323.jpg 1 0 0 3000 3000
p/IMG_20221225_175324.jpg 1 0 0 3000 3000
p/IMG_20221225_175322_1.jpg 1 0 0 3000 3000
p/IMG_20221225_175322.jpg 1 0 0 3000 3000
p/IMG_20221225_175316.jpg 1 0 0 3000 3000
p/IMG_20221225_175317.jpg 1 0 0 3000 3000
p/IMG_20221225_175315.jpg 1 0 0 3000 3000
p/IMG_20221225_175315_1.jpg 1 0 0 3000 3000
p/IMG_20221225_175314_1.jpg 1 0 0 3000 3000
p/IMG_20221225_175313.jpg 1 0 0 3000 3000
p/IMG_20221225_175314.jpg 1 0 0 3000 3000
p/IMG_20221225_175312_1.jpg 1 0 0 3000 3000
p/IMG_20221225_175311.jpg 1 0 0 3000 3000
p/IMG_20221225_175312.jpg 1 0 0 3000 3000
p/IMG_20221225_175310_1.jpg 1 0 0 3000 3000
p/IMG_20221225_175309.jpg 1 0 0 3000 3000
p/IMG_20221225_175310.jpg 1 0 0 3000 3000
p/IMG_20221225_175308_1.jpg 1 0 0 3000 3000
p/IMG_20221225_175307.jpg 1 0 0 3000 3000
p/IMG_20221225_175308.jpg 1 0 0 3000 3000
p/IMG_20221225_175306_1.jpg 1 0 0 3000 3000
p/IMG_20221225_175305.jpg 1 0 0 3000 3000
p/IMG_20221225_175306.jpg 1 0 0 3000 3000
p/IMG_20221225_175304_1.jpg 1 0 0 3000 3000
p/IMG_20221225_175303.jpg 1 0 0 3000 3000
p/IMG_20221225_175304.jpg 1 0 0 3000 3000
p/IMG_20221225_175302.jpg 1 0 0 3000 3000
p/IMG_20221225_175302_1.jpg 1 0 0 3000 3000
p/IMG_20221225_175301.jpg 1 0 0 3000 3000
p/IMG_20221225_175300_1.jpg 1 0 0 3000 3000
p/IMG_20221225_175259.jpg 1 0 0 3000 3000
p/IMG_20221225_175300.jpg 1 0 0 3000 3000
p/IMG_20221225_175258_1.jpg 1 0 0 3000 3000
p/IMG_20221225_175257.jpg 1 0 0 3000 3000
p/IMG_20221225_175258.jpg 1 0 0 3000 3000
p/IMG_20221225_175256_1.jpg 1 0 0 3000 3000
p/IMG_20221225_175255.jpg 1 0 0 3000 3000
p/IMG_20221225_175256.jpg 1 0 0 3000 3000
p/IMG_20221225_175254_1.jpg 1 0 0 3000 3000
p/IMG_20221225_175253.jpg 1 0 0 3000 3000
p/IMG_20221225_175254.jpg 1 0 0 3000 3000
p/IMG_20221225_175252_1.jpg 1 0 0 3000 3000
p/IMG_20221225_175251.jpg 1 0 0 3000 3000
p/IMG_20221225_175252.jpg 1 0 0 3000 3000
p/IMG_20221225_175250_1.jpg 1 0 0 3000 3000
p/IMG_20221225_175249.jpg 1 0 0 3000 3000
p/IMG_20221225_175250.jpg 1 0 0 3000 3000
p/IMG_20221225_175248_1.jpg 1 0 0 3000 3000
p/IMG_20221225_175247.jpg 1 0 0 3000 3000
p/IMG_20221225_175248.jpg 1 0 0 3000 3000
p/IMG_20221225_175246_1.jpg 1 0 0 3000 3000
p/IMG_20221225_175245_1.jpg 1 0 0 3000 3000
p/IMG_20221225_175246.jpg 1 0 0 3000 3000
p/IMG_20221225_175244.jpg 1 0 0 3000 3000
p/IMG_20221225_175245.jpg 1 0 0 3000 3000
p/IMG_20221225_175240.jpg 1 0 0 3000 3000
p/IMG_20221225_175241.jpg 1 0 0 3000 3000
p/IMG_20221225_175227.jpg 1 0 0 3000 3000
p/IMG_20221225_175226_1.jpg 1 0 0 3000 3000
p/IMG_20221225_175225_1.jpg 1 0 0 3000 3000
p/IMG_20221225_175226.jpg 1 0 0 3000 3000
p/IMG_20221225_175224.jpg 1 0 0 3000 3000
p/IMG_20221225_175225.jpg 1 0 0 3000 3000
p/IMG_20221225_175223_1.jpg 1 0 0 3000 3000
p/IMG_20221225_175222.jpg 1 0 0 3000 3000
p/IMG_20221225_175223.jpg 1 0 0 3000 3000
p/IMG_20221225_175221_1.jpg 1 0 0 3000 3000
p/IMG_20221225_175220.jpg 1 0 0 3000 3000
p/IMG_20221225_175221.jpg 1 0 0 3000 3000
p/IMG_20221225_175219_1.jpg 1 0 0 3000 3000
p/IMG_20221225_175218.jpg 1 0 0 3000 3000
p/IMG_20221225_175219.jpg 1 0 0 3000 3000
p/IMG_20221225_175217_1.jpg 1 0 0 3000 3000
p/IMG_20221225_175216.jpg 1 0 0 3000 3000
p/IMG_20221225_175217.jpg 1 0 0 3000 3000
p/IMG_20221225_175215.jpg 1 0 0 3000 3000
p/IMG_20221225_175214_1.jpg 1 0 0 3000 3000
p/IMG_20221225_175213_1.jpg 1 0 0 3000 3000
p/IMG_20221225_175214.jpg 1 0 0 3000 3000
p/IMG_20221225_175212_1.jpg 1 0 0 3000 3000
p/IMG_20221225_175213.jpg 1 0 0 3000 3000
p/IMG_20221225_175211.jpg 1 0 0 3000 3000
p/IMG_20221225_175212.jpg 1 0 0 3000 3000
p/IMG_20221225_175210_1.jpg 1 0 0 3000 3000
p/IMG_20221225_175209.jpg 1 0 0 3000 3000
p/IMG_20221225_175210.jpg 1 0 0 3000 3000
p/IMG_20221225_175208_1.jpg 1 0 0 3000 3000
p/IMG_20221225_175207.jpg 1 0 0 3000 3000
p/IMG_20221225_175208.jpg 1 0 0 3000 3000
p/IMG_20221225_175206.jpg 1 0 0 3000 3000
p/IMG_20221225_175205_1.jpg 1 0 0 3000 3000
p/IMG_20221225_175204.jpg 1 0 0 3000 3000
p/IMG_20221225_175205.jpg 1 0 0 3000 3000
p/IMG_20221225_175203_1.jpg 1 0 0 3000 3000
p/IMG_20221225_175202.jpg 1 0 0 3000 3000
p/IMG_20221225_175203.jpg 1 0 0 3000 3000
p/IMG_20221225_175201.jpg 1 0 0 3000 3000
p/IMG_20221225_175200_1.jpg 1 0 0 3000 3000
p/IMG_20221225_175159.jpg 1 0 0 3000 3000
p/IMG_20221225_175200.jpg 1 0 0 3000 3000
p/IMG_20221225_175158_1.jpg 1 0 0 3000 3000
p/IMG_20221225_175157_1.jpg 1 0 0 3000 3000
p/IMG_20221225_175158.jpg 1 0 0 3000 3000
p/IMG_20221225_175156.jpg 1 0 0 3000 3000
p/IMG_20221225_175157.jpg 1 0 0 3000 3000
p/IMG_20221225_175155.jpg 1 0 0 3000 3000
p/IMG_20221225_175154.jpg 1 0 0 3000 3000
p/IMG_20221225_175154_1.jpg 1 0 0 3000 3000
p/IMG_20221225_175153.jpg 1 0 0 3000 3000
p/IMG_20221225_175153_1.jpg 1 0 0 3000 3000
p/IMG_20221225_175152.jpg 1 0 0 3000 3000
p/IMG_20221225_175151_1.jpg 1 0 0 3000 3000
p/IMG_20221225_175150.jpg 1 0 0 3000 3000
p/IMG_20221225_175151.jpg 1 0 0 3000 3000
p/IMG_20221225_175149.jpg 1 0 0 3000 3000
p/IMG_20221225_175148_1.jpg 1 0 0 3000 3000
p/IMG_20221225_175147.jpg 1 0 0 3000 3000
p/IMG_20221225_175148.jpg 1 0 0 3000 3000
p/IMG_20221225_175146.jpg 1 0 0 3000 3000
p/IMG_20221225_175137.jpg 1 0 0 3000 3000
p/IMG_20221225_175136_1.jpg 1 0 0 3000 3000
p/IMG_20221225_175135.jpg 1 0 0 3000 3000
p/IMG_20221225_175136.jpg 1 0 0 3000 3000
p/IMG_20221225_175134_1.jpg 1 0 0 3000 3000
p/IMG_20221225_175133_1.jpg 1 0 0 3000 3000
p/IMG_20221225_175134.jpg 1 0 0 3000 3000
p/IMG_20221225_175133.jpg 1 0 0 3000 3000
p/IMG_20221225_175131_1.jpg 1 0 0 3000 3000
p/IMG_20221225_175132.jpg 1 0 0 3000 3000
p/IMG_20221225_175131.jpg 1 0 0 3000 3000
p/IMG_20221225_175129.jpg 1 0 0 3000 3000
p/IMG_20221225_175128_1.jpg 1 0 0 3000 3000
p/IMG_20221225_175127_1.jpg 1 0 0 3000 3000
p/IMG_20221225_175128.jpg 1 0 0 3000 3000
p/IMG_20221225_175126.jpg 1 0 0 3000 3000
p/IMG_20221225_175127.jpg 1 0 0 3000 3000
p/IMG_20221225_175125.jpg 1 0 0 3000 3000
p/IMG_20221225_175124.jpg 1 0 0 3000 3000
p/IMG_20221225_175124_1.jpg 1 0 0 3000 3000
p/IMG_20221225_175123_1.jpg 1 0 0 3000 3000
p/IMG_20221225_175122.jpg 1 0 0 3000 3000
p/IMG_20221225_175123.jpg 1 0 0 3000 3000
p/IMG_20221225_175121_1.jpg 1 0 0 3000 3000
p/IMG_20221225_175120.jpg 1 0 0 3000 3000
p/IMG_20221225_175121.jpg 1 0 0 3000 3000
p/IMG_20221225_175119_1.jpg 1 0 0 3000 3000
p/IMG_20221225_175118.jpg 1 0 0 3000 3000
p/IMG_20221225_175119.jpg 1 0 0 3000 3000
p/IMG_20221225_175117_1.jpg 1 0 0 3000 3000
p/IMG_20221225_175116.jpg 1 0 0 3000 3000
p/IMG_20221225_175117.jpg 1 0 0 3000 3000
p/IMG_20221225_175115_1.jpg 1 0 0 3000 3000
p/IMG_20221225_175114.jpg 1 0 0 3000 3000
p/IMG_20221225_175115.jpg 1 0 0 3000 3000
p/IMG_20221225_175113_1.jpg 1 0 0 3000 3000
p/IMG_20221225_175113.jpg 1 0 0 3000 3000
p/IMG_20221225_175111.jpg 1 0 0 3000 3000
p/IMG_20221225_175112.jpg 1 0 0 3000 3000
p/IMG_20221225_175110_1.jpg 1 0 0 3000 3000
p/IMG_20221225_175109_1.jpg 1 0 0 3000 3000
p/IMG_20221225_175110.jpg 1 0 0 3000 3000
p/IMG_20221225_175108.jpg 1 0 0 3000 3000
p/IMG_20221225_175109.jpg 1 0 0 3000 3000
p/IMG_20221225_175107_1.jpg 1 0 0 3000 3000
p/IMG_20221225_175106.jpg 1 0 0 3000 3000
p/IMG_20221225_175107.jpg 1 0 0 3000 3000
p/IMG_20221225_175105_1.jpg 1 0 0 3000 3000
p/IMG_20221225_175104.jpg 1 0 0 3000 3000
p/IMG_20221225_175105.jpg 1 0 0 3000 3000
p/IMG_20221225_175103_1.jpg 1 0 0 3000 3000
p/IMG_20221225_175102.jpg 1 0 0 3000 3000
p/IMG_20221225_175103.jpg 1 0 0 3000 3000
p/IMG_20221225_175101_1.jpg 1 0 0 3000 3000
p/IMG_20221225_175100.jpg 1 0 0 3000 3000
p/IMG_20221225_175101.jpg 1 0 0 3000 3000
p/IMG_20221225_175059.jpg 1 0 0 3000 3000
p/IMG_20221225_175058_1.jpg 1 0 0 3000 3000
p/IMG_20221225_175057.jpg 1 0 0 3000 3000
p/IMG_20221225_175058.jpg 1 0 0 3000 3000
p/IMG_20221225_175056_1.jpg 1 0 0 3000 3000
p/IMG_20221225_175055.jpg 1 0 0 3000 3000
p/IMG_20221225_175056.jpg 1 0 0 3000 3000
p/IMG_20221225_175054_1.jpg 1 0 0 3000 3000
p/IMG_20221225_175053.jpg 1 0 0 3000 3000
p/IMG_20221225_175054.jpg 1 0 0 3000 3000
p/IMG_20221225_175052_1.jpg 1 0 0 3000 3000
p/IMG_20221225_175051.jpg 1 0 0 3000 3000
p/IMG_20221225_175052.jpg 1 0 0 3000 3000
p/IMG_20221225_175050.jpg 1 0 0 3000 3000
p/IMG_20221225_175049_1.jpg 1 0 0 3000 3000
p/IMG_20221225_175048.jpg 1 0 0 3000 3000
p/IMG_20221225_175049.jpg 1 0 0 3000 3000
p/IMG_20221225_175047_1.jpg 1 0 0 3000 3000
p/IMG_20221225_175046.jpg 1 0 0 3000 3000
p/IMG_20221225_175047.jpg 1 0 0 3000 3000
p/IMG_20221225_175045.jpg 1 0 0 3000 3000
p/IMG_20221225_175045_1.jpg 1 0 0 3000 3000
p/IMG_20221225_175044.jpg 1 0 0 3000 3000
p/IMG_20221225_175043_1.jpg 1 0 0 3000 3000
p/IMG_20221225_175042.jpg 1 0 0 3000 3000
p/IMG_20221225_175043.jpg 1 0 0 3000 3000
p/IMG_20221225_175041_1.jpg 1 0 0 3000 3000
p/IMG_20221225_175040.jpg 1 0 0 3000 3000
p/IMG_20221225_175041.jpg 1 0 0 3000 3000
p/IMG_20221225_175039_1.jpg 1 0 0 3000 3000
p/IMG_20221225_175038.jpg 1 0 0 3000 3000
p/IMG_20221225_175039.jpg 1 0 0 3000 3000
p/IMG_20221225_175037_1.jpg 1 0 0 3000 3000
p/IMG_20221225_175036_1.jpg 1 0 0 3000 3000
p/IMG_20221225_175037.jpg 1 0 0 3000 3000
p/IMG_20221225_175035.jpg 1 0 0 3000 3000
p/IMG_20221225_175036.jpg 1 0 0 3000 3000
p/IMG_20221225_175034_1.jpg 1 0 0 3000 3000
p/IMG_20221225_175033.jpg 1 0 0 3000 3000
p/IMG_20221225_175034.jpg 1 0 0 3000 3000
p/IMG_20221225_175032_1.jpg 1 0 0 3000 3000
p/IMG_20221225_175032.jpg 1 0 0 3000 3000
p/IMG_20221225_175030_1.jpg 1 0 0 3000 3000
p/IMG_20221225_175031.jpg 1 0 0 3000 3000
p/IMG_20221225_175029_1.jpg 1 0 0 3000 3000
p/IMG_20221225_175030.jpg 1 0 0 3000 3000
p/IMG_20221225_175028.jpg 1 0 0 3000 3000
p/IMG_20221225_175029.jpg 1 0 0 3000 3000
p/IMG_20221225_175027.jpg 1 0 0 3000 3000
p/IMG_20221225_175027_1.jpg 1 0 0 3000 3000
p/IMG_20221225_175026.jpg 1 0 0 3000 3000
p/IMG_20221225_175026_1.jpg 1 0 0 3000 3000
p/IMG_20221225_175025_1.jpg 1 0 0 3000 3000
p/IMG_20221225_175024.jpg 1 0 0 3000 3000
p/IMG_20221225_175025.jpg 1 0 0 3000 3000
p/IMG_20221225_175023_1.jpg 1 0 0 3000 3000
p/IMG_20221225_175022.jpg 1 0 0 3000 3000
p/IMG_20221225_175023.jpg 1 0 0 3000 3000
p/IMG_20221225_175021.jpg 1 0 0 3000 3000
p/IMG_20221225_175020_1.jpg 1 0 0 3000 3000
p/IMG_20221225_175019_1.jpg 1 0 0 3000 3000
p/IMG_20221225_175020.jpg 1 0 0 3000 3000
p/IMG_20221225_175018.jpg 1 0 0 3000 3000
p/IMG_20221225_175019.jpg 1 0 0 3000 3000
p/IMG_20221225_175017_1.jpg 1 0 0 3000 3000
p/IMG_20221225_175016.jpg 1 0 0 3000 3000
p/IMG_20221225_175017.jpg 1 0 0 3000 3000
p/IMG_20221225_175015_1.jpg 1 0 0 3000 3000
p/IMG_20221225_175014.jpg 1 0 0 3000 3000
p/IMG_20221225_175015.jpg 1 0 0 3000 3000
p/IMG_20221225_175013.jpg 1 0 0 3000 3000
p/IMG_20221225_175012_1.jpg 1 0 0 3000 3000
p/IMG_20221225_175011_1.jpg 1 0 0 3000 3000
p/IMG_20221225_175012.jpg 1 0 0 3000 3000
p/IMG_20221225_175010_1.jpg 1 0 0 3000 3000
p/IMG_20221225_175011.jpg 1 0 0 3000 3000
p/IMG_20221225_175009.jpg 1 0 0 3000 3000
p/IMG_20221225_175010.jpg 1 0 0 3000 3000
p/IMG_20221225_175008_1.jpg 1 0 0 3000 3000
p/IMG_20221225_175007.jpg 1 0 0 3000 3000
p/IMG_20221225_175008.jpg 1 0 0 3000 3000
p/IMG_20221225_175006_1.jpg 1 0 0 3000 3000
p/IMG_20221225_175005.jpg 1 0 0 3000 3000
p/IMG_20221225_175006.jpg 1 0 0 3000 3000
p/IMG_20221225_175004_1.jpg 1 0 0 3000 3000
p/IMG_20221225_175003.jpg 1 0 0 3000 3000
p/IMG_20221225_175004.jpg 1 0 0 3000 3000
p/IMG_20221225_175002_1.jpg 1 0 0 3000 3000
p/IMG_20221225_175001_1.jpg 1 0 0 3000 3000
p/IMG_20221225_175002.jpg 1 0 0 3000 3000
p/IMG_20221225_175000_1.jpg 1 0 0 3000 3000
p/IMG_20221225_175001.jpg 1 0 0 3000 3000
p/IMG_20221225_175000.jpg 1 0 0 3000 3000
p/IMG_20221225_174958_1.jpg 1 0 0 3000 3000
p/IMG_20221225_174959.jpg 1 0 0 3000 3000
p/IMG_20221225_174957_1.jpg 1 0 0 3000 3000
p/IMG_20221225_174958.jpg 1 0 0 3000 3000
p/IMG_20221225_174957.jpg 1 0 0 3000 3000
p/IMG_20221225_174949_1.jpg 1 0 0 3000 3000
p/IMG_20221225_174948.jpg 1 0 0 3000 3000
p/IMG_20221225_174949.jpg 1 0 0 3000 3000
p/IMG_20221225_174947_1.jpg 1 0 0 3000 3000
p/IMG_20221225_174946_1.jpg 1 0 0 3000 3000
p/IMG_20221225_174947.jpg 1 0 0 3000 3000
p/IMG_20221225_174945.jpg 1 0 0 3000 3000
p/IMG_20221225_174946.jpg 1 0 0 3000 3000
p/IMG_20221225_174944_1.jpg 1 0 0 3000 3000
p/IMG_20221225_174943.jpg 1 0 0 3000 3000
p/IMG_20221225_174944.jpg 1 0 0 3000 3000
p/IMG_20221225_174942_1.jpg 1 0 0 3000 3000
p/IMG_20221225_174941.jpg 1 0 0 3000 3000
p/IMG_20221225_174942.jpg 1 0 0 3000 3000
p/IMG_20221225_174940_1.jpg 1 0 0 3000 3000
p/IMG_20221225_174939.jpg 1 0 0 3000 3000
p/IMG_20221225_174940.jpg 1 0 0 3000 3000
p/IMG_20221225_174938_1.jpg 1 0 0 3000 3000
p/IMG_20221225_174937.jpg 1 0 0 3000 3000
p/IMG_20221225_174938.jpg 1 0 0 3000 3000
p/IMG_20221225_174936_1.jpg 1 0 0 3000 3000
p/IMG_20221225_174935_1.jpg 1 0 0 3000 3000
p/IMG_20221225_174936.jpg 1 0 0 3000 3000
p/IMG_20221225_174934.jpg 1 0 0 3000 3000
p/IMG_20221225_174935.jpg 1 0 0 3000 3000
p/IMG_20221225_174933_1.jpg 1 0 0 3000 3000
p/IMG_20221225_174932.jpg 1 0 0 3000 3000
p/IMG_20221225_174933.jpg 1 0 0 3000 3000
p/IMG_20221225_174931_1.jpg 1 0 0 3000 3000
p/IMG_20221225_174930_1.jpg 1 0 0 3000 3000
p/IMG_20221225_174931.jpg 1 0 0 3000 3000
p/IMG_20221225_174929.jpg 1 0 0 3000 3000
p/IMG_20221225_174930.jpg 1 0 0 3000 3000
p/IMG_20221225_174928_1.jpg 1 0 0 3000 3000
p/IMG_20221225_174927_1.jpg 1 0 0 3000 3000
p/IMG_20221225_174928.jpg 1 0 0 3000 3000
p/IMG_20221225_174926.jpg 1 0 0 3000 3000
p/IMG_20221225_174927.jpg 1 0 0 3000 3000
p/IMG_20221225_174925_1.jpg 1 0 0 3000 3000
p/IMG_20221225_174924.jpg 1 0 0 3000 3000
p/IMG_20221225_174925.jpg 1 0 0 3000 3000
p/IMG_20221225_174923_1.jpg 1 0 0 3000 3000
p/IMG_20221225_174922.jpg 1 0 0 3000 3000
p/IMG_20221225_174923.jpg 1 0 0 3000 3000
p/IMG_20221225_174921.jpg 1 0 0 3000 3000
p/IMG_20221225_174921_1.jpg 1 0 0 3000 3000
p/IMG_20221225_174920_1.jpg 1 0 0 3000 3000
p/IMG_20221225_174919.jpg 1 0 0 3000 3000
p/IMG_20221225_174920.jpg 1 0 0 3000 3000
p/IMG_20221225_174918.jpg 1 0 0 3000 3000
p/IMG_20221225_174918_1.jpg 1 0 0 3000 3000
p/IMG_20221225_174917_1.jpg 1 0 0 3000 3000
p/IMG_20221225_174916.jpg 1 0 0 3000 3000
p/IMG_20221225_174917.jpg 1 0 0 3000 3000
p/IMG_20221225_174915_1.jpg 1 0 0 3000 3000
p/IMG_20221225_174914_1.jpg 1 0 0 3000 3000
p/IMG_20221225_174915.jpg 1 0 0 3000 3000
p/IMG_20221225_174914.jpg 1 0 0 3000 3000
p/IMG_20221225_174912_1.jpg 1 0 0 3000 3000
p/IMG_20221225_174913.jpg 1 0 0 3000 3000
p/IMG_20221225_174911.jpg 1 0 0 3000 3000
p/IMG_20221225_174912.jpg 1 0 0 3000 3000
p/IMG_20221225_174910_1.jpg 1 0 0 3000 3000
p/IMG_20221225_174909.jpg 1 0 0 3000 3000
p/IMG_20221225_174910.jpg 1 0 0 3000 3000
p/IMG_20221225_174908_1.jpg 1 0 0 3000 3000
p/IMG_20221225_174907_1.jpg 1 0 0 3000 3000
p/IMG_20221225_174908.jpg 1 0 0 3000 3000
p/IMG_20221225_174906_1.jpg 1 0 0 3000 3000
p/IMG_20221225_174907.jpg 1 0 0 3000 3000
p/IMG_20221225_174905.jpg 1 0 0 3000 3000
p/IMG_20221225_174906.jpg 1 0 0 3000 3000
p/IMG_20221225_174904_1.jpg 1 0 0 3000 3000
p/IMG_20221225_174903.jpg 1 0 0 3000 3000
p/IMG_20221225_174904.jpg 1 0 0 3000 3000
p/IMG_20221225_174902_1.jpg 1 0 0 3000 3000
p/IMG_20221225_174901_1.jpg 1 0 0 3000 3000
p/IMG_20221225_174902.jpg 1 0 0 3000 3000
p/IMG_20221225_174900_1.jpg 1 0 0 3000 3000
p/IMG_20221225_174901.jpg 1 0 0 3000 3000
p/IMG_20221225_174900.jpg 1 0 0 3000 3000
p/IMG_20221225_174858_1.jpg 1 0 0 3000 3000
p/IMG_20221225_174859.jpg 1 0 0 3000 3000
p/IMG_20221225_174857.jpg 1 0 0 3000 3000
p/IMG_20221225_174858.jpg 1 0 0 3000 3000
p/IMG_20221225_174856_1.jpg 1 0 0 3000 3000
p/IMG_20221225_174855.jpg 1 0 0 3000 3000
p/IMG_20221225_174856.jpg 1 0 0 3000 3000
p/IMG_20221225_174854_1.jpg 1 0 0 3000 3000
p/IMG_20221225_174853_1.jpg 1 0 0 3000 3000
p/IMG_20221225_174854.jpg 1 0 0 3000 3000
p/IMG_20221225_174852.jpg 1 0 0 3000 3000
p/IMG_20221225_174853.jpg 1 0 0 3000 3000
p/IMG_20221225_174851_1.jpg 1 0 0 3000 3000
p/IMG_20221225_174850.jpg 1 0 0 3000 3000
p/IMG_20221225_174851.jpg 1 0 0 3000 3000
p/IMG_20221225_174849_1.jpg 1 0 0 3000 3000
p/IMG_20221225_174848_1.jpg 1 0 0 3000 3000
p/IMG_20221225_174849.jpg 1 0 0 3000 3000
p/IMG_20221225_174848.jpg 1 0 0 3000 3000
p/IMG_20221225_174846_1.jpg 1 0 0 3000 3000
p/IMG_20221225_174847.jpg 1 0 0 3000 3000
p/IMG_20221225_174845.jpg 1 0 0 3000 3000
p/IMG_20221225_174846.jpg 1 0 0 3000 3000
p/IMG_20221225_174844_1.jpg 1 0 0 3000 3000
p/IMG_20221225_174843.jpg 1 0 0 3000 3000
p/IMG_20221225_174844.jpg 1 0 0 3000 3000
p/IMG_20221225_174842_1.jpg 1 0 0 3000 3000
p/IMG_20221225_174841_1.jpg 1 0 0 3000 3000
p/IMG_20221225_174842.jpg 1 0 0 3000 3000
p/IMG_20221225_174841.jpg 1 0 0 3000 3000
p/IMG_20221225_174839_1.jpg 1 0 0 3000 3000
p/IMG_20221225_174840.jpg 1 0 0 3000 3000
p/IMG_20221225_174838_1.jpg 1 0 0 3000 3000
p/IMG_20221225_174839.jpg 1 0 0 3000 3000
p/IMG_20221225_174837.jpg 1 0 0 3000 3000
p/IMG_20221225_174838.jpg 1 0 0 3000 3000
p/IMG_20221225_174836_1.jpg 1 0 0 3000 3000
p/IMG_20221225_174835.jpg 1 0 0 3000 3000
p/IMG_20221225_174836.jpg 1 0 0 3000 3000
p/IMG_20221225_174834.jpg 1 0 0 3000 3000
p/IMG_20221225_174834_1.jpg 1 0 0 3000 3000
p/IMG_20221225_174833_1.jpg 1 0 0 3000 3000
p/IMG_20221225_174832.jpg 1 0 0 3000 3000
p/IMG_20221225_174833.jpg 1 0 0 3000 3000
p/IMG_20221225_174831_1.jpg 1 0 0 3000 3000
p/IMG_20221225_174830.jpg 1 0 0 3000 3000
p/IMG_20221225_174831.jpg 1 0 0 3000 3000
p/IMG_20221225_174829_1.jpg 1 0 0 3000 3000
p/IMG_20221225_174828_1.jpg 1 0 0 3000 3000
p/IMG_20221225_174829.jpg 1 0 0 3000 3000
p/IMG_20221225_174828.jpg 1 0 0 3000 3000
p/IMG_20221225_174826_1.jpg 1 0 0 3000 3000
p/IMG_20221225_174827.jpg 1 0 0 3000 3000
p/IMG_20221225_174825.jpg 1 0 0 3000 3000
p/IMG_20221225_174826.jpg 1 0 0 3000 3000
p/IMG_20221225_174824_1.jpg 1 0 0 3000 3000
p/IMG_20221225_174823_1.jpg 1 0 0 3000 3000
p/IMG_20221225_174824.jpg 1 0 0 3000 3000
p/IMG_20221225_174823.jpg 1 0 0 3000 3000
p/IMG_20221225_174821_1.jpg 1 0 0 3000 3000
p/IMG_20221225_174822.jpg 1 0 0 3000 3000
p/IMG_20221225_174821.jpg 1 0 0 3000 3000
p/IMG_20221225_174819_1.jpg 1 0 0 3000 3000
p/IMG_20221225_174820.jpg 1 0 0 3000 3000
p/IMG_20221225_174818.jpg 1 0 0 3000 3000
p/IMG_20221225_174819.jpg 1 0 0 3000 3000
p/IMG_20221225_174817_1.jpg 1 0 0 3000 3000
p/IMG_20221225_174816.jpg 1 0 0 3000 3000
p/IMG_20221225_174817.jpg 1 0 0 3000 3000
p/IMG_20221225_174815_1.jpg 1 0 0 3000 3000
p/IMG_20221225_174814.jpg 1 0 0 3000 3000
p/IMG_20221225_174815.jpg 1 0 0 3000 3000
p/IMG_20221225_174813_1.jpg 1 0 0 3000 3000
p/IMG_20221225_174812_1.jpg 1 0 0 3000 3000
p/IMG_20221225_174813.jpg 1 0 0 3000 3000
p/IMG_20221225_174811.jpg 1 0 0 3000 3000
p/IMG_20221225_174812.jpg 1 0 0 3000 3000
p/IMG_20221225_174810_1.jpg 1 0 0 3000 3000
p/IMG_20221225_174809_1.jpg 1 0 0 3000 3000
p/IMG_20221225_174810.jpg 1 0 0 3000 3000
p/IMG_20221225_174809.jpg 1 0 0 3000 3000
p/IMG_20221225_174807_1.jpg 1 0 0 3000 3000
p/IMG_20221225_174808.jpg 1 0 0 3000 3000
p/IMG_20221225_174807.jpg 1 0 0 3000 3000
p/IMG_20221225_174805_1.jpg 1 0 0 3000 3000
p/IMG_20221225_174806.jpg 1 0 0 3000 3000
p/IMG_20221225_174804_1.jpg 1 0 0 3000 3000
p/IMG_20221225_174805.jpg 1 0 0 3000 3000
p/IMG_20221225_174803.jpg 1 0 0 3000 3000
p/IMG_20221225_174804.jpg 1 0 0 3000 3000
p/IMG_20221225_174802_1.jpg 1 0 0 3000 3000
p/IMG_20221225_174801.jpg 1 0 0 3000 3000
p/IMG_20221225_174802.jpg 1 0 0 3000 3000
p/IMG_20221225_174800_1.jpg 1 0 0 3000 3000
p/IMG_20221225_174759.jpg 1 0 0 3000 3000
p/IMG_20221225_174800.jpg 1 0 0 3000 3000
p/IMG_20221225_174758.jpg 1 0 0 3000 3000
p/IMG_20221225_174758_1.jpg 1 0 0 3000 3000
p/IMG_20221225_174757_1.jpg 1 0 0 3000 3000
p/IMG_20221225_174756.jpg 1 0 0 3000 3000
p/IMG_20221225_174757.jpg 1 0 0 3000 3000
p/IMG_20221225_174755_1.jpg 1 0 0 3000 3000
p/IMG_20221225_174754_1.jpg 1 0 0 3000 3000
p/IMG_20221225_174755.jpg 1 0 0 3000 3000
p/IMG_20221225_174753_1.jpg 1 0 0 3000 3000
p/IMG_20221225_174754.jpg 1 0 0 3000 3000
p/IMG_20221225_174752.jpg 1 0 0 3000 3000
p/IMG_20221225_174753.jpg 1 0 0 3000 3000
p/IMG_20221225_174751_1.jpg 1 0 0 3000 3000
p/IMG_20221225_174750.jpg 1 0 0 3000 3000
p/IMG_20221225_174751.jpg 1 0 0 3000 3000
p/IMG_20221225_174749.jpg 1 0 0 3000 3000
p/IMG_20221225_174511.jpg 1 0 0 3000 3000
p/1671963424066.jpg 1 0 0 1547 2320
p/1671964776685.jpg 1 0 0 1547 2320
p/1671964776686.jpg 1 0 0 1547 2320
p/1671964872179.jpg 1 0 0 1547 2320
p/1671964872275.jpg 1 0 0 1547 2320
p/1671964872276.jpg 1 0 0 1547 2320
p/1671963422107.jpg 1 0 0 427 640
p/1671964776683.jpg 1 0 0 427 640
p/1671964776684.jpg 1 0 0 427 640
p/1671964872178.jpg 1 0 0 427 640
p/1671964872273.jpg 1 0 0 427 640
p/1671964872274.jpg 1 0 0 427 640
p/1671963420020.jpg 1 0 0 1475 2213
p/1671964776681.jpg 1 0 0 1475 2213
p/1671964776682.jpg 1 0 0 1475 2213
p/1671964872177.jpg 1 0 0 1475 2213
p/1671964872271.jpg 1 0 0 1475 2213
p/1671964872272.jpg 1 0 0 1475 2213
p/IMG_20221225_162923.jpg 1 0 0 3000 3000
p/IMG_20221225_162922.jpg 1 0 0 3000 3000
p/IMG_20221225_162921.jpg 1 0 0 3000 3000
p/IMG_20221225_162919.jpg 1 0 0 3000 3000
p/IMG_20221225_162920.jpg 1 0 0 3000 3000
p/IMG_20221225_162917.jpg 1 0 0 3000 3000
p/IMG_20221225_162918.jpg 1 0 0 3000 3000
p/IMG_20221225_162915.jpg 1 0 0 3000 3000
p/IMG_20221225_162916.jpg 1 0 0 3000 3000
p/IMG_20221225_162914.jpg 1 0 0 3000 3000
p/IMG_20221225_162912.jpg 1 0 0 3000 3000
p/IMG_20221225_162913.jpg 1 0 0 3000 3000
p/IMG_20221225_162910.jpg 1 0 0 3000 3000
p/IMG_20221225_162911.jpg 1 0 0 3000 3000
p/IMG_20221225_162909.jpg 1 0 0 3000 3000
p/IMG_20221225_162908.jpg 1 0 0 3000 3000
p/IMG_20221225_162904.jpg 1 0 0 3000 3000
p/IMG_20221225_162905.jpg 1 0 0 3000 3000
p/IMG_20221225_162903.jpg 1 0 0 3000 3000
p/IMG_20221225_162902.jpg 1 0 0 3000 3000
p/IMG_20221225_162900.jpg 1 0 0 3000 3000
p/IMG_20221225_162901.jpg 1 0 0 3000 3000
p/IMG_20221225_162859.jpg 1 0 0 3000 3000
p/IMG_20221225_162857.jpg 1 0 0 3000 3000
p/IMG_20221225_162858.jpg 1 0 0 3000 3000
p/IMG_20221225_162855.jpg 1 0 0 3000 3000
p/IMG_20221225_162856.jpg 1 0 0 3000 3000
p/IMG_20221225_162854.jpg 1 0 0 3000 3000
p/IMG_20221225_162853.jpg 1 0 0 3000 3000
p/IMG_20221225_162852.jpg 1 0 0 3000 3000
p/IMG_20221225_162851.jpg 1 0 0 3000 3000
p/IMG_20221225_162849.jpg 1 0 0 3000 3000
p/IMG_20221225_162850.jpg 1 0 0 3000 3000
p/IMG_20221225_162847.jpg 1 0 0 3000 3000
p/IMG_20221225_162848.jpg 1 0 0 3000 3000
p/IMG_20221225_162846.jpg 1 0 0 3000 3000
p/IMG_20221225_162845.jpg 1 0 0 3000 3000
p/IMG_20221225_162844.jpg 1 0 0 3000 3000
p/IMG_20221225_162842.jpg 1 0 0 3000 3000
p/IMG_20221225_162843.jpg 1 0 0 3000 3000
p/IMG_20221225_162840.jpg 1 0 0 3000 3000
p/IMG_20221225_162841.jpg 1 0 0 3000 3000
p/IMG_20221225_162838.jpg 1 0 0 3000 3000
p/IMG_20221225_162839.jpg 1 0 0 3000 3000
p/IMG_20221225_162837.jpg 1 0 0 3000 3000
p/IMG_20221225_162835.jpg 1 0 0 3000 3000
p/IMG_20221225_162836.jpg 1 0 0 3000 3000
p/IMG_20221225_162833.jpg 1 0 0 3000 3000
p/IMG_20221225_162834.jpg 1 0 0 3000 3000
p/IMG_20221225_162832.jpg 1 0 0 3000 3000
p/IMG_20221225_162830.jpg 1 0 0 3000 3000
p/IMG_20221225_162831.jpg 1 0 0 3000 3000
p/IMG_20221225_162828.jpg 1 0 0 3000 3000
p/IMG_20221225_162829.jpg 1 0 0 3000 3000
p/IMG_20221225_162827.jpg 1 0 0 3000 3000
p/IMG_20221225_162825.jpg 1 0 0 3000 3000
p/IMG_20221225_162826.jpg 1 0 0 3000 3000
p/IMG_20221225_162823.jpg 1 0 0 3000 3000
p/IMG_20221225_162824.jpg 1 0 0 3000 3000
p/IMG_20221225_162822.jpg 1 0 0 3000 3000
p/IMG_20221225_162820.jpg 1 0 0 3000 3000
p/IMG_20221225_162821.jpg 1 0 0 3000 3000
p/IMG_20221225_162818.jpg 1 0 0 3000 3000
p/IMG_20221225_162819.jpg 1 0 0 3000 3000
p/IMG_20221225_162816.jpg 1 0 0 3000 3000
p/IMG_20221225_162817.jpg 1 0 0 3000 3000
p/IMG_20221225_162815.jpg 1 0 0 3000 3000
p/IMG_20221225_162813.jpg 1 0 0 3000 3000
p/IMG_20221225_162814.jpg 1 0 0 3000 3000
p/IMG_20221225_162811.jpg 1 0 0 3000 3000
p/IMG_20221225_162812.jpg 1 0 0 3000 3000
p/IMG_20221225_162809.jpg 1 0 0 3000 3000
p/IMG_20221225_162810.jpg 1 0 0 3000 3000
p/IMG_20221225_162807.jpg 1 0 0 3000 3000
p/IMG_20221225_162808.jpg 1 0 0 3000 3000
p/IMG_20221225_162806.jpg 1 0 0 3000 3000
p/IMG_20221225_162804.jpg 1 0 0 3000 3000
p/IMG_20221225_162805.jpg 1 0 0 3000 3000
p/IMG_20221225_162803.jpg 1 0 0 3000 3000
p/IMG_20221225_162802.jpg 1 0 0 3000 3000
p/IMG_20221225_162801.jpg 1 0 0 3000 3000
p/IMG_20221225_162755.jpg 1 0 0 3000 3000
p/IMG_20221225_162756.jpg 1 0 0 3000 3000
p/IMG_20221225_162753.jpg 1 0 0 3000 3000
p/IMG_20221225_162754.jpg 1 0 0 3000 3000
p/IMG_20221225_162751.jpg 1 0 0 3000 3000
p/IMG_20221225_162752.jpg 1 0 0 3000 3000
p/IMG_20221225_162749.jpg 1 0 0 3000 3000
p/IMG_20221225_162750.jpg 1 0 0 3000 3000
p/IMG_20221225_162748.jpg 1 0 0 3000 3000
p/IMG_20221225_162746.jpg 1 0 0 3000 3000
p/IMG_20221225_162747.jpg 1 0 0 3000 3000
p/IMG_20221225_162744.jpg 1 0 0 3000 3000
p/IMG_20221225_162745.jpg 1 0 0 3000 3000
p/IMG_20221225_162743.jpg 1 0 0 3000 3000
p/IMG_20221225_162742.jpg 1 0 0 3000 3000
p/IMG_20221225_162740.jpg 1 0 0 3000 3000
p/IMG_20221225_162741.jpg 1 0 0 3000 3000
p/IMG_20221225_162739.jpg 1 0 0 3000 3000
p/IMG_20221225_162738.jpg 1 0 0 3000 3000
p/IMG_20221225_162736.jpg 1 0 0 3000 3000
p/IMG_20221225_162737.jpg 1 0 0 3000 3000
p/IMG_20221225_162735.jpg 1 0 0 3000 3000
p/IMG_20221225_162734.jpg 1 0 0 3000 3000
p/IMG_20221225_162732.jpg 1 0 0 3000 3000
p/IMG_20221225_162733.jpg 1 0 0 3000 3000
p/IMG_20221225_162731.jpg 1 0 0 3000 3000
p/IMG_20221225_162730.jpg 1 0 0 3000 3000
p/IMG_20221225_162728.jpg 1 0 0 3000 3000
p/IMG_20221225_162729.jpg 1 0 0 3000 3000
p/IMG_20221225_162727.jpg 1 0 0 3000 3000
p/IMG_20221225_162725.jpg 1 0 0 3000 3000
p/IMG_20221225_162726.jpg 1 0 0 3000 3000
p/IMG_20221225_162724.jpg 1 0 0 3000 3000
p/IMG_20221225_162723.jpg 1 0 0 3000 3000
p/IMG_20221225_162722.jpg 1 0 0 3000 3000
p/IMG_20221225_162720.jpg 1 0 0 3000 3000
p/IMG_20221225_162721.jpg 1 0 0 3000 3000
p/IMG_20221225_162719.jpg 1 0 0 3000 3000
p/IMG_20221225_162718.jpg 1 0 0 3000 3000
p/IMG_20221225_162717.jpg 1 0 0 3000 3000
p/IMG_20221225_162716.jpg 1 0 0 3000 3000
p/IMG_20221225_162715.jpg 1 0 0 3000 3000
p/IMG_20221225_162714.jpg 1 0 0 3000 3000
p/IMG_20221225_162713.jpg 1 0 0 3000 3000
p/IMG_20221225_162711.jpg 1 0 0 3000 3000
p/IMG_20221225_162710.jpg 1 0 0 3000 3000
p/IMG_20221225_162708.jpg 1 0 0 3000 3000
p/IMG_20221225_162709.jpg 1 0 0 3000 3000
p/IMG_20221225_162707.jpg 1 0 0 3000 3000
p/IMG_20221225_162706.jpg 1 0 0 3000 3000
p/IMG_20221225_162705.jpg 1 0 0 3000 3000
p/IMG_20221225_162704.jpg 1 0 0 3000 3000
p/IMG_20221225_162703.jpg 1 0 0 3000 3000
p/IMG_20221225_162702.jpg 1 0 0 3000 3000
p/IMG_20221225_162701.jpg 1 0 0 3000 3000
p/IMG_20221225_162659.jpg 1 0 0 3000 3000
p/IMG_20221225_162700.jpg 1 0 0 3000 3000
p/IMG_20221225_162658.jpg 1 0 0 3000 3000
p/IMG_20221225_162657.jpg 1 0 0 3000 3000
p/IMG_20221225_162656.jpg 1 0 0 3000 3000
p/IMG_20221225_162655.jpg 1 0 0 3000 3000
p/IMG_20221225_162654.jpg 1 0 0 3000 3000
p/IMG_20221225_162652.jpg 1 0 0 3000 3000
p/IMG_20221225_162650.jpg 1 0 0 3000 3000
p/IMG_20221225_162649.jpg 1 0 0 3000 3000
p/IMG_20221225_162648.jpg 1 0 0 3000 3000
p/IMG_20221225_162641.jpg 1 0 0 3000 3000
p/IMG_20221225_162639.jpg 1 0 0 3000 3000
p/IMG_20221225_162640.jpg 1 0 0 3000 3000
p/IMG_20221225_162638.jpg 1 0 0 3000 3000
p/IMG_20221225_162637.jpg 1 0 0 3000 3000
p/IMG_20221225_162636.jpg 1 0 0 3000 3000
p/IMG_20221225_162634.jpg 1 0 0 3000 3000
p/IMG_20221225_162635.jpg 1 0 0 3000 3000
p/IMG_20221225_162633.jpg 1 0 0 3000 3000
p/IMG_20221225_162632.jpg 1 0 0 3000 3000
p/IMG_20221225_162631.jpg 1 0 0 3000 3000
p/IMG_20221225_162630.jpg 1 0 0 3000 3000
p/IMG_20221225_162629.jpg 1 0 0 3000 3000
p/IMG_20221225_162628.jpg 1 0 0 3000 3000
p/IMG_20221225_162627.jpg 1 0 0 3000 3000
p/IMG_20221225_162625.jpg 1 0 0 3000 3000
p/IMG_20221225_162626.jpg 1 0 0 3000 3000
p/IMG_20221225_162624.jpg 1 0 0 3000 3000
p/IMG_20221225_162622.jpg 1 0 0 3000 3000
p/IMG_20221225_162623.jpg 1 0 0 3000 3000
p/IMG_20221225_162621.jpg 1 0 0 3000 3000
p/IMG_20221225_162620.jpg 1 0 0 3000 3000
p/IMG_20221225_162618.jpg 1 0 0 3000 3000
p/IMG_20221225_162619.jpg 1 0 0 3000 3000
p/IMG_20221225_162616.jpg 1 0 0 3000 3000
p/IMG_20221225_162617.jpg 1 0 0 3000 3000
p/IMG_20221225_162614.jpg 1 0 0 3000 3000
p/IMG_20221225_162615.jpg 1 0 0 3000 3000
p/IMG_20221225_162612.jpg 1 0 0 3000 3000
p/IMG_20221225_162613.jpg 1 0 0 3000 3000
p/IMG_20221225_162610.jpg 1 0 0 3000 3000
p/IMG_20221225_162611.jpg 1 0 0 3000 3000
p/IMG_20221225_162609.jpg 1 0 0 3000 3000
p/IMG_20221225_162607.jpg 1 0 0 3000 3000
p/IMG_20221225_162608.jpg 1 0 0 3000 3000
p/IMG_20221225_162606.jpg 1 0 0 3000 3000
p/IMG_20221225_162605.jpg 1 0 0 3000 3000
p/IMG_20221225_162604.jpg 1 0 0 3000 3000
p/IMG_20221225_162603.jpg 1 0 0 3000 3000
p/IMG_20221225_162602.jpg 1 0 0 3000 3000
p/IMG_20221225_162600.jpg 1 0 0 3000 3000
p/IMG_20221225_162601.jpg 1 0 0 3000 3000
p/IMG_20221225_162559.jpg 1 0 0 3000 3000
p/IMG_20221225_162558.jpg 1 0 0 3000 3000
p/IMG_20221225_162557.jpg 1 0 0 3000 3000
p/IMG_20221225_162556.jpg 1 0 0 3000 3000
p/IMG_20221225_162554.jpg 1 0 0 3000 3000
p/IMG_20221225_162555.jpg 1 0 0 3000 3000
p/IMG_20221225_162553.jpg 1 0 0 3000 3000
p/IMG_20221225_162549.jpg 1 0 0 3000 3000
p/IMG_20221225_162548.jpg 1 0 0 3000 3000
p/IMG_20221225_162546.jpg 1 0 0 3000 3000
p/IMG_20221225_162547.jpg 1 0 0 3000 3000
p/IMG_20221225_162545.jpg 1 0 0 3000 3000
p/IMG_20221225_162544.jpg 1 0 0 3000 3000
p/IMG_20221225_162543.jpg 1 0 0 3000 3000
p/IMG_20221225_162542.jpg 1 0 0 3000 3000
p/IMG_20221225_162541.jpg 1 0 0 3000 3000
p/IMG_20221225_162540.jpg 1 0 0 3000 3000
p/IMG_20221225_162539.jpg 1 0 0 3000 3000
p/IMG_20221225_162538.jpg 1 0 0 3000 3000
p/IMG_20221225_162537.jpg 1 0 0 3000 3000
p/IMG_20221225_162536.jpg 1 0 0 3000 3000
p/IMG_20221225_162535.jpg 1 0 0 3000 3000
p/IMG_20221225_162530.jpg 1 0 0 3000 3000
p/IMG_20221225_162529.jpg 1 0 0 3000 3000
p/IMG_20221225_162528.jpg 1 0 0 3000 3000
p/IMG_20221225_162526.jpg 1 0 0 3000 3000
p/IMG_20221225_162527.jpg 1 0 0 3000 3000
p/IMG_20221225_162524.jpg 1 0 0 3000 3000
p/IMG_20221225_162525.jpg 1 0 0 3000 3000
p/IMG_20221225_162523.jpg 1 0 0 3000 3000
p/IMG_20221225_162522.jpg 1 0 0 3000 3000
p/IMG_20221225_162520.jpg 1 0 0 3000 3000
p/IMG_20221225_162521.jpg 1 0 0 3000 3000
p/IMG_20221225_162519.jpg 1 0 0 3000 3000
p/IMG_20221225_162517.jpg 1 0 0 3000 3000
p/IMG_20221225_162518.jpg 1 0 0 3000 3000
p/IMG_20221225_162516.jpg 1 0 0 3000 3000
p/IMG_20221225_162515.jpg 1 0 0 3000 3000
p/IMG_20221225_162513.jpg 1 0 0 3000 3000
p/IMG_20221225_162514.jpg 1 0 0 3000 3000
p/IMG_20221225_162512.jpg 1 0 0 3000 3000
p/IMG_20221225_162510.jpg 1 0 0 3000 3000
p/IMG_20221225_162511.jpg 1 0 0 3000 3000
p/IMG_20221225_162509.jpg 1 0 0 3000 3000
p/IMG_20221225_162508.jpg 1 0 0 3000 3000
p/IMG_20221225_162507.jpg 1 0 0 3000 3000
p/IMG_20221225_162505.jpg 1 0 0 3000 3000
p/IMG_20221225_162506.jpg 1 0 0 3000 3000
p/IMG_20221225_162504.jpg 1 0 0 3000 3000
p/IMG_20221225_162503.jpg 1 0 0 3000 3000
p/IMG_20221225_162502.jpg 1 0 0 3000 3000
p/IMG_20221225_162500.jpg 1 0 0 3000 3000
p/IMG_20221225_162501.jpg 1 0 0 3000 3000
p/IMG_20221225_162459.jpg 1 0 0 3000 3000
p/IMG_20221225_162458.jpg 1 0 0 3000 3000
p/IMG_20221225_162457.jpg 1 0 0 3000 3000
p/IMG_20221225_162456.jpg 1 0 0 3000 3000
p/IMG_20221225_162455.jpg 1 0 0 3000 3000
p/IMG_20221225_162454.jpg 1 0 0 3000 3000
p/IMG_20221225_162453.jpg 1 0 0 3000 3000
p/IMG_20221225_162451.jpg 1 0 0 3000 3000
p/IMG_20221225_162452.jpg 1 0 0 3000 3000
p/IMG_20221225_162450.jpg 1 0 0 3000 3000
p/IMG_20221225_162449.jpg 1 0 0 3000 3000
p/IMG_20221225_162448.jpg 1 0 0 3000 3000
p/IMG_20221225_162446.jpg 1 0 0 3000 3000
p/IMG_20221225_162447.jpg 1 0 0 3000 3000
p/IMG_20221225_162444.jpg 1 0 0 3000 3000
p/IMG_20221225_162445.jpg 1 0 0 3000 3000
p/IMG_20221225_162443.jpg 1 0 0 3000 3000
p/IMG_20221225_162441.jpg 1 0 0 3000 3000
p/IMG_20221225_162442.jpg 1 0 0 3000 3000
p/IMG_20221225_162440.jpg 1 0 0 3000 3000
p/IMG_20221225_162439.jpg 1 0 0 3000 3000
p/IMG_20221225_162438.jpg 1 0 0 3000 3000
p/IMG_20221225_162436.jpg 1 0 0 3000 3000
p/IMG_20221225_162437.jpg 1 0 0 3000 3000
p/IMG_20221225_162435.jpg 1 0 0 3000 3000
p/IMG_20221225_162434.jpg 1 0 0 3000 3000
p/IMG_20221225_162432.jpg 1 0 0 3000 3000
p/IMG_20221225_162433.jpg 1 0 0 3000 3000
p/IMG_20221225_162431.jpg 1 0 0 3000 3000
p/IMG_20221225_162430.jpg 1 0 0 3000 3000
p/IMG_20221225_162429.jpg 1 0 0 3000 3000
p/IMG_20221225_162428.jpg 1 0 0 3000 3000
p/IMG_20221225_162427.jpg 1 0 0 3000 3000
p/IMG_20221225_162426.jpg 1 0 0 3000 3000
p/IMG_20221225_162424.jpg 1 0 0 3000 3000
p/IMG_20221225_162423.jpg 1 0 0 3000 3000
p/IMG_20221225_162422.jpg 1 0 0 3000 3000
p/IMG_20221225_162420.jpg 1 0 0 3000 3000
p/IMG_20221225_162421.jpg 1 0 0 3000 3000
p/IMG_20221225_162419.jpg 1 0 0 3000 3000
p/IMG_20221225_162418.jpg 1 0 0 3000 3000
p/IMG_20221225_162416.jpg 1 0 0 3000 3000
p/IMG_20221225_162417.jpg 1 0 0 3000 3000
p/IMG_20221225_162415.jpg 1 0 0 3000 3000
p/IMG_20221225_162414.jpg 1 0 0 3000 3000
p/IMG_20221225_162412.jpg 1 0 0 3000 3000
p/IMG_20221225_162413.jpg 1 0 0 3000 3000
p/IMG_20221225_162410.jpg 1 0 0 3000 3000
p/IMG_20221225_162411.jpg 1 0 0 3000 3000
p/IMG_20221225_162409.jpg 1 0 0 3000 3000
p/IMG_20221225_162408.jpg 1 0 0 3000 3000
p/IMG_20221225_162405.jpg 1 0 0 3000 3000
p/IMG_20221225_162403.jpg 1 0 0 3000 3000
p/IMG_20221225_162404.jpg 1 0 0 3000 3000
p/IMG_20221225_162401.jpg 1 0 0 3000 3000
p/IMG_20221225_162402.jpg 1 0 0 3000 3000
p/IMG_20221225_162400.jpg 1 0 0 3000 3000
p/IMG_20221225_162358.jpg 1 0 0 3000 3000
p/IMG_20221225_162359.jpg 1 0 0 3000 3000
p/IMG_20221225_162356.jpg 1 0 0 3000 3000
p/IMG_20221225_162357.jpg 1 0 0 3000 3000
p/IMG_20221225_162354.jpg 1 0 0 3000 3000
p/IMG_20221225_162355.jpg 1 0 0 3000 3000
p/IMG_20221225_162353.jpg 1 0 0 3000 3000
p/IMG_20221225_162352.jpg 1 0 0 3000 3000
p/IMG_20221225_162351.jpg 1 0 0 3000 3000
p/IMG_20221225_162350.jpg 1 0 0 3000 3000
p/IMG_20221225_162349.jpg 1 0 0 3000 3000
p/IMG_20221225_162348.jpg 1 0 0 3000 3000
p/IMG_20221225_162347.jpg 1 0 0 3000 3000
p/IMG_20221225_162345.jpg 1 0 0 3000 3000
p/IMG_20221225_162346.jpg 1 0 0 3000 3000
p/IMG_20221225_162343.jpg 1 0 0 3000 3000
p/IMG_20221225_162344.jpg 1 0 0 3000 3000
p/IMG_20221225_162341.jpg 1 0 0 3000 3000
p/IMG_20221225_162342.jpg 1 0 0 3000 3000
p/IMG_20221225_162339.jpg 1 0 0 3000 3000
p/IMG_20221225_162340.jpg 1 0 0 3000 3000
p/IMG_20221225_162337.jpg 1 0 0 3000 3000
p/IMG_20221225_162338.jpg 1 0 0 3000 3000
p/IMG_20221225_162336.jpg 1 0 0 3000 3000
p/IMG_20221225_162334.jpg 1 0 0 3000 3000
p/IMG_20221225_162335.jpg 1 0 0 3000 3000
p/IMG_20221225_162332.jpg 1 0 0 3000 3000
p/IMG_20221225_162333.jpg 1 0 0 3000 3000
p/IMG_20221225_162330.jpg 1 0 0 3000 3000
p/IMG_20221225_162331.jpg 1 0 0 3000 3000
p/IMG_20221225_162328.jpg 1 0 0 3000 3000
p/IMG_20221225_162329.jpg 1 0 0 3000 3000
p/IMG_20221225_162326.jpg 1 0 0 3000 3000
p/IMG_20221225_162327.jpg 1 0 0 3000 3000
p/IMG_20221225_162324.jpg 1 0 0 3000 3000
p/IMG_20221225_162325.jpg 1 0 0 3000 3000
p/IMG_20221225_162323.jpg 1 0 0 3000 3000
p/IMG_20221225_162322.jpg 1 0 0 3000 3000
p/IMG_20221225_162321.jpg 1 0 0 3000 3000
p/IMG_20221225_162320.jpg 1 0 0 3000 3000
p/IMG_20221225_162303.jpg 1 0 0 3000 3000
p/IMG_20221225_162304.jpg 1 0 0 3000 3000
p/IMG_20221225_162302.jpg 1 0 0 3000 3000
p/IMG_20221225_162300.jpg 1 0 0 3000 3000
p/IMG_20221225_162301.jpg 1 0 0 3000 3000
p/IMG_20221225_162259.jpg 1 0 0 3000 3000
p/IMG_20221225_162258.jpg 1 0 0 3000 3000
p/IMG_20221225_162257.jpg 1 0 0 3000 3000
p/IMG_20221225_162220.jpg 1 0 0 3000 3000
p/IMG_20221225_162219.jpg 1 0 0 3000 3000
p/IMG_20221225_162218.jpg 1 0 0 3000 3000
p/IMG_20221225_162217.jpg 1 0 0 3000 3000
p/IMG_20221225_162215.jpg 1 0 0 3000 3000
p/IMG_20221225_162216.jpg 1 0 0 3000 3000
p/IMG_20221225_162214.jpg 1 0 0 3000 3000
p/IMG_20221225_162213.jpg 1 0 0 3000 3000
p/IMG_20221225_162211.jpg 1 0 0 3000 3000
p/IMG_20221225_162212.jpg 1 0 0 3000 3000
p/IMG_20221225_162210.jpg 1 0 0 3000 3000
p/IMG_20221225_162209.jpg 1 0 0 3000 3000
p/IMG_20221225_162208.jpg 1 0 0 3000 3000
p/IMG_20221225_162207.jpg 1 0 0 3000 3000
p/IMG_20221225_162206.jpg 1 0 0 3000 3000
p/IMG_20221225_162205.jpg 1 0 0 3000 3000
p/IMG_20221225_162204.jpg 1 0 0 3000 3000
p/IMG_20221225_162203.jpg 1 0 0 3000 3000
p/IMG_20221225_162202.jpg 1 0 0 3000 3000
p/IMG_20221225_162201.jpg 1 0 0 3000 3000
p/IMG_20221225_162200.jpg 1 0 0 3000 3000
p/IMG_20221225_162158.jpg 1 0 0 3000 3000
p/IMG_20221225_162159.jpg 1 0 0 3000 3000
p/IMG_20221225_162157.jpg 1 0 0 3000 3000
p/IMG_20221225_162156.jpg 1 0 0 3000 3000
p/IMG_20221225_162154.jpg 1 0 0 3000 3000
p/IMG_20221225_162153.jpg 1 0 0 3000 3000
p/IMG_20221225_162151.jpg 1 0 0 3000 3000
p/IMG_20221225_162152.jpg 1 0 0 3000 3000
p/IMG_20221225_162150.jpg 1 0 0 3000 3000
p/IMG_20221225_162148.jpg 1 0 0 3000 3000
p/IMG_20221225_162146.jpg 1 0 0 3000 3000
p/IMG_20221225_162147.jpg 1 0 0 3000 3000
p/IMG_20221225_162145.jpg 1 0 0 3000 3000
p/IMG_20221225_162143.jpg 1 0 0 3000 3000
p/IMG_20221225_162144.jpg 1 0 0 3000 3000
p/IMG_20221225_162142.jpg 1 0 0 3000 3000
p/IMG_20221225_162140.jpg 1 0 0 3000 3000
p/IMG_20221225_162139.jpg 1 0 0 3000 3000
p/IMG_20221225_162138.jpg 1 0 0 3000 3000
p/IMG_20221225_162137.jpg 1 0 0 3000 3000
p/IMG_20221225_162123.jpg 1 0 0 3000 3000
p/IMG_20221225_162124.jpg 1 0 0 3000 3000
p/IMG_20221225_162121.jpg 1 0 0 3000 3000
p/IMG_20221225_162122.jpg 1 0 0 3000 3000
p/IMG_20221225_162120.jpg 1 0 0 3000 3000
p/IMG_20221225_162119.jpg 1 0 0 3000 3000
p/IMG_20221225_162117.jpg 1 0 0 3000 3000
p/IMG_20221225_162118.jpg 1 0 0 3000 3000
p/IMG_20221225_162116.jpg 1 0 0 3000 3000
p/IMG_20221225_162115.jpg 1 0 0 3000 3000
p/IMG_20221225_162114.jpg 1 0 0 3000 3000
p/IMG_20221225_162112.jpg 1 0 0 3000 3000
p/IMG_20221225_162113.jpg 1 0 0 3000 3000
p/IMG_20221225_162110.jpg 1 0 0 3000 3000
p/IMG_20221225_162111.jpg 1 0 0 3000 3000
p/IMG_20221225_162108.jpg 1 0 0 3000 3000
p/IMG_20221225_162109.jpg 1 0 0 3000 3000
p/IMG_20221225_162106.jpg 1 0 0 3000 3000
p/IMG_20221225_162107.jpg 1 0 0 3000 3000
p/IMG_20221225_162104.jpg 1 0 0 3000 3000
p/IMG_20221225_162105.jpg 1 0 0 3000 3000
p/IMG_20221225_162103.jpg 1 0 0 3000 3000
p/IMG_20221225_162101.jpg 1 0 0 3000 3000
p/IMG_20221225_162102.jpg 1 0 0 3000 3000
p/IMG_20221225_162100.jpg 1 0 0 3000 3000
p/IMG_20221225_162059.jpg 1 0 0 3000 3000
p/IMG_20221225_162057.jpg 1 0 0 3000 3000
p/IMG_20221225_162058.jpg 1 0 0 3000 3000
p/IMG_20221225_162056.jpg 1 0 0 3000 3000
p/IMG_20221225_162054.jpg 1 0 0 3000 3000
p/IMG_20221225_162055.jpg 1 0 0 3000 3000
p/IMG_20221225_162053.jpg 1 0 0 3000 3000
p/IMG_20221225_162051.jpg 1 0 0 3000 3000
p/IMG_20221225_162052.jpg 1 0 0 3000 3000
p/IMG_20221225_162050.jpg 1 0 0 3000 3000
p/IMG_20221225_162049.jpg 1 0 0 3000 3000
p/IMG_20221225_162048.jpg 1 0 0 3000 3000
p/IMG_20221225_162046.jpg 1 0 0 3000 3000
p/IMG_20221225_162047.jpg 1 0 0 3000 3000
p/IMG_20221225_162045.jpg 1 0 0 3000 3000
p/IMG_20221225_162044.jpg 1 0 0 3000 3000
p/IMG_20221225_162043.jpg 1 0 0 3000 3000
p/IMG_20221225_162042.jpg 1 0 0 3000 3000
p/IMG_20221225_162040.jpg 1 0 0 3000 3000
p/IMG_20221225_162038.jpg 1 0 0 3000 3000
p/IMG_20221225_162039.jpg 1 0 0 3000 3000
p/IMG_20221225_161949.jpg 1 0 0 3000 3000
p/IMG_20221225_161948.jpg 1 0 0 3000 3000
p/IMG_20221225_161945.jpg 1 0 0 3000 3000
p/IMG_20221225_161946.jpg 1 0 0 3000 3000
p/IMG_20221225_161943.jpg 1 0 0 3000 3000
p/IMG_20221225_161944.jpg 1 0 0 3000 3000
p/IMG_20221225_161941.jpg 1 0 0 3000 3000
p/IMG_20221225_161942.jpg 1 0 0 3000 3000
p/IMG_20221225_161939.jpg 1 0 0 3000 3000
p/IMG_20221225_161940.jpg 1 0 0 3000 3000
p/IMG_20221225_161938.jpg 1 0 0 3000 3000
p/IMG_20221225_161937.jpg 1 0 0 3000 3000
p/IMG_20221225_161936.jpg 1 0 0 3000 3000
p/IMG_20221225_161935.jpg 1 0 0 3000 3000
p/IMG_20221225_161933.jpg 1 0 0 3000 3000
p/IMG_20221225_161934.jpg 1 0 0 3000 3000
p/IMG_20221225_161932.jpg 1 0 0 3000 3000
p/IMG_20221225_161931.jpg 1 0 0 3000 3000
p/IMG_20221225_161930.jpg 1 0 0 3000 3000
p/IMG_20221225_161928.jpg 1 0 0 3000 3000
p/IMG_20221225_161929.jpg 1 0 0 3000 3000
p/IMG_20221225_161927.jpg 1 0 0 3000 3000
p/IMG_20221225_161926.jpg 1 0 0 3000 3000
p/IMG_20221225_161925.jpg 1 0 0 3000 3000
p/1671964777243.jpg 1 0 0 3000 3000
p/1671964777244.jpg 1 0 0 3000 3000
p/IMG_20221225_161924.jpg 1 0 0 3000 3000
p/1671964777241.jpg 1 0 0 3000 3000
p/1671964777242.jpg 1 0 0 3000 3000
p/IMG_20221225_161923.jpg 1 0 0 3000 3000
p/1671964777237.jpg 1 0 0 3000 3000
p/1671964777238.jpg 1 0 0 3000 3000
p/1671964777239.jpg 1 0 0 3000 3000
p/1671964777240.jpg 1 0 0 3000 3000
p/IMG_20221225_161921.jpg 1 0 0 3000 3000
p/IMG_20221225_161922.jpg 1 0 0 3000 3000
p/1671964777233.jpg 1 0 0 3000 3000
p/1671964777234.jpg 1 0 0 3000 3000
p/1671964777235.jpg 1 0 0 3000 3000
p/1671964777236.jpg 1 0 0 3000 3000
p/IMG_20221225_161919.jpg 1 0 0 3000 3000
p/IMG_20221225_161920.jpg 1 0 0 3000 3000
p/1671964777229.jpg 1 0 0 3000 3000
p/1671964777230.jpg 1 0 0 3000 3000
p/1671964777231.jpg 1 0 0 3000 3000
p/1671964777232.jpg 1 0 0 3000 3000
p/IMG_20221225_161917.jpg 1 0 0 3000 3000
p/IMG_20221225_161918.jpg 1 0 0 3000 3000
p/1671964777227.jpg 1 0 0 3000 3000
p/1671964777228.jpg 1 0 0 3000 3000
p/IMG_20221225_161916.jpg 1 0 0 3000 3000
p/1671964777225.jpg 1 0 0 3000 3000
p/1671964777226.jpg 1 0 0 3000 3000
p/IMG_20221225_161915.jpg 1 0 0 3000 3000
p/1671964777221.jpg 1 0 0 3000 3000
p/1671964777222.jpg 1 0 0 3000 3000
p/1671964777223.jpg 1 0 0 3000 3000
p/1671964777224.jpg 1 0 0 3000 3000
p/IMG_20221225_161913.jpg 1 0 0 3000 3000
p/IMG_20221225_161914.jpg 1 0 0 3000 3000
p/1671964777217.jpg 1 0 0 3000 3000
p/1671964777218.jpg 1 0 0 3000 3000
p/1671964777219.jpg 1 0 0 3000 3000
p/1671964777220.jpg 1 0 0 3000 3000
p/IMG_20221225_161911.jpg 1 0 0 3000 3000
p/IMG_20221225_161912.jpg 1 0 0 3000 3000
p/1671964777213.jpg 1 0 0 3000 3000
p/1671964777214.jpg 1 0 0 3000 3000
p/1671964777215.jpg 1 0 0 3000 3000
p/1671964777216.jpg 1 0 0 3000 3000
p/IMG_20221225_161909.jpg 1 0 0 3000 3000
p/IMG_20221225_161910.jpg 1 0 0 3000 3000
p/1671964777209.jpg 1 0 0 3000 3000
p/1671964777210.jpg 1 0 0 3000 3000
p/1671964777211.jpg 1 0 0 3000 3000
p/1671964777212.jpg 1 0 0 3000 3000
p/IMG_20221225_161907.jpg 1 0 0 3000 3000
p/IMG_20221225_161908.jpg 1 0 0 3000 3000
p/1671964777205.jpg 1 0 0 3000 3000
p/1671964777206.jpg 1 0 0 3000 3000
p/1671964777207.jpg 1 0 0 3000 3000
p/1671964777208.jpg 1 0 0 3000 3000
p/IMG_20221225_161905.jpg 1 0 0 3000 3000
p/IMG_20221225_161906.jpg 1 0 0 3000 3000
p/1671964777203.jpg 1 0 0 3000 3000
p/1671964777204.jpg 1 0 0 3000 3000
p/IMG_20221225_161904.jpg 1 0 0 3000 3000
p/1671964777201.jpg 1 0 0 3000 3000
p/1671964777202.jpg 1 0 0 3000 3000
p/IMG_20221225_161903.jpg 1 0 0 3000 3000
p/1671964777199.jpg 1 0 0 3000 3000
p/1671964777200.jpg 1 0 0 3000 3000
p/IMG_20221225_161902.jpg 1 0 0 3000 3000
p/1671964777197.jpg 1 0 0 3000 3000
p/1671964777198.jpg 1 0 0 3000 3000
p/IMG_20221225_161901.jpg 1 0 0 3000 3000
p/1671964777193.jpg 1 0 0 3000 3000
p/1671964777194.jpg 1 0 0 3000 3000
p/1671964777195.jpg 1 0 0 3000 3000
p/1671964777196.jpg 1 0 0 3000 3000
p/IMG_20221225_161859.jpg 1 0 0 3000 3000
p/IMG_20221225_161900.jpg 1 0 0 3000 3000
p/1671964777191.jpg 1 0 0 3000 3000
p/1671964777192.jpg 1 0 0 3000 3000
p/IMG_20221225_161858.jpg 1 0 0 3000 3000
p/1671964777189.jpg 1 0 0 3000 3000
p/1671964777190.jpg 1 0 0 3000 3000
p/IMG_20221225_161857.jpg 1 0 0 3000 3000
p/1671964777187.jpg 1 0 0 3000 3000
p/1671964777188.jpg 1 0 0 3000 3000
p/IMG_20221225_161856.jpg 1 0 0 3000 3000
p/1671964777185.jpg 1 0 0 3000 3000
p/1671964777186.jpg 1 0 0 3000 3000
p/IMG_20221225_161855.jpg 1 0 0 3000 3000
p/1671964777183.jpg 1 0 0 3000 3000
p/1671964777184.jpg 1 0 0 3000 3000
p/IMG_20221225_161853.jpg 1 0 0 3000 3000
p/1671964777181.jpg 1 0 0 3000 3000
p/1671964777182.jpg 1 0 0 3000 3000
p/IMG_20221225_161852.jpg 1 0 0 3000 3000
p/1671964777177.jpg 1 0 0 3000 3000
p/1671964777178.jpg 1 0 0 3000 3000
p/1671964777179.jpg 1 0 0 3000 3000
p/1671964777180.jpg 1 0 0 3000 3000
p/IMG_20221225_161850.jpg 1 0 0 3000 3000
p/IMG_20221225_161851.jpg 1 0 0 3000 3000
p/1671964777174.jpg 1 0 0 3000 3000
p/1671964777175.jpg 1 0 0 3000 3000
p/IMG_20221225_161849.jpg 1 0 0 3000 3000
p/1671964777170.jpg 1 0 0 3000 3000
p/1671964777171.jpg 1 0 0 3000 3000
p/1671964777172.jpg 1 0 0 3000 3000
p/1671964777173.jpg 1 0 0 3000 3000
p/IMG_20221225_161847.jpg 1 0 0 3000 3000
p/IMG_20221225_161848.jpg 1 0 0 3000 3000
p/1671964777166.jpg 1 0 0 3000 3000
p/1671964777167.jpg 1 0 0 3000 3000
p/1671964777168.jpg 1 0 0 3000 3000
p/1671964777169.jpg 1 0 0 3000 3000
p/IMG_20221225_161845.jpg 1 0 0 3000 3000
p/IMG_20221225_161846.jpg 1 0 0 3000 3000
p/1671964777162.jpg 1 0 0 3000 3000
p/1671964777163.jpg 1 0 0 3000 3000
p/1671964777164.jpg 1 0 0 3000 3000
p/1671964777165.jpg 1 0 0 3000 3000
p/IMG_20221225_161843.jpg 1 0 0 3000 3000
p/IMG_20221225_161844.jpg 1 0 0 3000 3000
p/1671964777158.jpg 1 0 0 3000 3000
p/1671964777159.jpg 1 0 0 3000 3000
p/1671964777160.jpg 1 0 0 3000 3000
p/1671964777161.jpg 1 0 0 3000 3000
p/IMG_20221225_161841.jpg 1 0 0 3000 3000
p/IMG_20221225_161842.jpg 1 0 0 3000 3000
p/1671964777154.jpg 1 0 0 3000 3000
p/1671964777155.jpg 1 0 0 3000 3000
p/1671964777156.jpg 1 0 0 3000 3000
p/1671964777157.jpg 1 0 0 3000 3000
p/IMG_20221225_161839.jpg 1 0 0 3000 3000
p/IMG_20221225_161840.jpg 1 0 0 3000 3000
p/1671964777152.jpg 1 0 0 3000 3000
p/1671964777153.jpg 1 0 0 3000 3000
p/IMG_20221225_161838.jpg 1 0 0 3000 3000
p/1671964777150.jpg 1 0 0 3000 3000
p/1671964777151.jpg 1 0 0 3000 3000
p/IMG_20221225_161837.jpg 1 0 0 3000 3000
p/1671964777146.jpg 1 0 0 3000 3000
p/1671964777147.jpg 1 0 0 3000 3000
p/1671964777148.jpg 1 0 0 3000 3000
p/1671964777149.jpg 1 0 0 3000 3000
p/IMG_20221225_161835.jpg 1 0 0 3000 3000
p/IMG_20221225_161836.jpg 1 0 0 3000 3000
p/1671964777144.jpg 1 0 0 3000 3000
p/1671964777145.jpg 1 0 0 3000 3000
p/IMG_20221225_161834.jpg 1 0 0 3000 3000
p/1671964777142.jpg 1 0 0 3000 3000
p/1671964777143.jpg 1 0 0 3000 3000
p/IMG_20221225_161833.jpg 1 0 0 3000 3000
p/1671964777140.jpg 1 0 0 3000 3000
p/1671964777141.jpg 1 0 0 3000 3000
p/IMG_20221225_161832.jpg 1 0 0 3000 3000
p/1671964777138.jpg 1 0 0 3000 3000
p/1671964777139.jpg 1 0 0 3000 3000
p/IMG_20221225_161831.jpg 1 0 0 3000 3000
p/1671964777134.jpg 1 0 0 3000 3000
p/1671964777135.jpg 1 0 0 3000 3000
p/1671964777136.jpg 1 0 0 3000 3000
p/1671964777137.jpg 1 0 0 3000 3000
p/IMG_20221225_161829.jpg 1 0 0 3000 3000
p/IMG_20221225_161830.jpg 1 0 0 3000 3000
p/1671964777130.jpg 1 0 0 3000 3000
p/1671964777131.jpg 1 0 0 3000 3000
p/1671964777132.jpg 1 0 0 3000 3000
p/1671964777133.jpg 1 0 0 3000 3000
p/IMG_20221225_161827.jpg 1 0 0 3000 3000
p/IMG_20221225_161828.jpg 1 0 0 3000 3000
p/1671964777126.jpg 1 0 0 3000 3000
p/1671964777127.jpg 1 0 0 3000 3000
p/1671964777128.jpg 1 0 0 3000 3000
p/1671964777129.jpg 1 0 0 3000 3000
p/IMG_20221225_161825.jpg 1 0 0 3000 3000
p/IMG_20221225_161826.jpg 1 0 0 3000 3000
p/1671964777122.jpg 1 0 0 3000 3000
p/1671964777123.jpg 1 0 0 3000 3000
p/1671964777124.jpg 1 0 0 3000 3000
p/1671964777125.jpg 1 0 0 3000 3000
p/IMG_20221225_161823.jpg 1 0 0 3000 3000
p/IMG_20221225_161824.jpg 1 0 0 3000 3000
p/1671964777118.jpg 1 0 0 3000 3000
p/1671964777119.jpg 1 0 0 3000 3000
p/1671964777120.jpg 1 0 0 3000 3000
p/1671964777121.jpg 1 0 0 3000 3000
p/IMG_20221225_161821.jpg 1 0 0 3000 3000
p/IMG_20221225_161822.jpg 1 0 0 3000 3000
p/1671964777114.jpg 1 0 0 3000 3000
p/1671964777115.jpg 1 0 0 3000 3000
p/1671964777116.jpg 1 0 0 3000 3000
p/1671964777117.jpg 1 0 0 3000 3000
p/IMG_20221225_161819.jpg 1 0 0 3000 3000
p/IMG_20221225_161820.jpg 1 0 0 3000 3000
p/1671964777112.jpg 1 0 0 3000 3000
p/1671964777113.jpg 1 0 0 3000 3000
p/IMG_20221225_161818.jpg 1 0 0 3000 3000
p/1671964777110.jpg 1 0 0 3000 3000
p/1671964777111.jpg 1 0 0 3000 3000
p/IMG_20221225_161814.jpg 1 0 0 3000 3000
p/1671964777106.jpg 1 0 0 3000 3000
p/1671964777107.jpg 1 0 0 3000 3000
p/1671964777108.jpg 1 0 0 3000 3000
p/1671964777109.jpg 1 0 0 3000 3000
p/IMG_20221225_161812.jpg 1 0 0 3000 3000
p/IMG_20221225_161813.jpg 1 0 0 3000 3000
p/1671964777102.jpg 1 0 0 3000 3000
p/1671964777103.jpg 1 0 0 3000 3000
p/1671964777104.jpg 1 0 0 3000 3000
p/1671964777105.jpg 1 0 0 3000 3000
p/IMG_20221225_161810.jpg 1 0 0 3000 3000
p/IMG_20221225_161811.jpg 1 0 0 3000 3000
p/1671964777098.jpg 1 0 0 3000 3000
p/1671964777099.jpg 1 0 0 3000 3000
p/1671964777100.jpg 1 0 0 3000 3000
p/1671964777101.jpg 1 0 0 3000 3000
p/IMG_20221225_161808.jpg 1 0 0 3000 3000
p/IMG_20221225_161809.jpg 1 0 0 3000 3000
p/1671964777094.jpg 1 0 0 3000 3000
p/1671964777095.jpg 1 0 0 3000 3000
p/1671964777096.jpg 1 0 0 3000 3000
p/1671964777097.jpg 1 0 0 3000 3000
p/IMG_20221225_161806.jpg 1 0 0 3000 3000
p/IMG_20221225_161807.jpg 1 0 0 3000 3000
p/1671964777092.jpg 1 0 0 3000 3000
p/1671964777093.jpg 1 0 0 3000 3000
p/IMG_20221225_161805.jpg 1 0 0 3000 3000
p/1671964777088.jpg 1 0 0 3000 3000
p/1671964777089.jpg 1 0 0 3000 3000
p/1671964777090.jpg 1 0 0 3000 3000
p/1671964777091.jpg 1 0 0 3000 3000
p/IMG_20221225_161803.jpg 1 0 0 3000 3000
p/IMG_20221225_161804.jpg 1 0 0 3000 3000
p/1671964777084.jpg 1 0 0 3000 3000
p/1671964777085.jpg 1 0 0 3000 3000
p/1671964777086.jpg 1 0 0 3000 3000
p/1671964777087.jpg 1 0 0 3000 3000
p/IMG_20221225_161801.jpg 1 0 0 3000 3000
p/IMG_20221225_161802.jpg 1 0 0 3000 3000
p/1671964777082.jpg 1 0 0 3000 3000
p/1671964777083.jpg 1 0 0 3000 3000
p/IMG_20221225_161800.jpg 1 0 0 3000 3000
p/1671964777080.jpg 1 0 0 3000 3000
p/1671964777081.jpg 1 0 0 3000 3000
p/IMG_20221225_161759.jpg 1 0 0 3000 3000
p/1671964777076.jpg 1 0 0 3000 3000
p/1671964777077.jpg 1 0 0 3000 3000
p/1671964777078.jpg 1 0 0 3000 3000
p/1671964777079.jpg 1 0 0 3000 3000
p/IMG_20221225_161757.jpg 1 0 0 3000 3000
p/IMG_20221225_161758.jpg 1 0 0 3000 3000
p/1671964777074.jpg 1 0 0 3000 3000
p/1671964777075.jpg 1 0 0 3000 3000
p/IMG_20221225_161756.jpg 1 0 0 3000 3000
p/1671964777070.jpg 1 0 0 3000 3000
p/1671964777071.jpg 1 0 0 3000 3000
p/1671964777072.jpg 1 0 0 3000 3000
p/1671964777073.jpg 1 0 0 3000 3000
p/IMG_20221225_161754.jpg 1 0 0 3000 3000
p/IMG_20221225_161755.jpg 1 0 0 3000 3000
p/1671964777068.jpg 1 0 0 3000 3000
p/1671964777069.jpg 1 0 0 3000 3000
p/IMG_20221225_161752.jpg 1 0 0 3000 3000
p/1671964777066.jpg 1 0 0 3000 3000
p/1671964777067.jpg 1 0 0 3000 3000
p/IMG_20221225_161751.jpg 1 0 0 3000 3000
p/1671964777062.jpg 1 0 0 3000 3000
p/1671964777063.jpg 1 0 0 3000 3000
p/1671964777064.jpg 1 0 0 3000 3000
p/1671964777065.jpg 1 0 0 3000 3000
p/IMG_20221225_161749.jpg 1 0 0 3000 3000
p/IMG_20221225_161750.jpg 1 0 0 3000 3000
p/1671964777060.jpg 1 0 0 3000 3000
p/1671964777061.jpg 1 0 0 3000 3000
p/IMG_20221225_161748.jpg 1 0 0 3000 3000
p/1671964777058.jpg 1 0 0 3000 3000
p/1671964777059.jpg 1 0 0 3000 3000
p/IMG_20221225_161747.jpg 1 0 0 3000 3000
p/1671964777056.jpg 1 0 0 3000 3000
p/1671964777057.jpg 1 0 0 3000 3000
p/IMG_20221225_161746.jpg 1 0 0 3000 3000
p/1671964777052.jpg 1 0 0 3000 3000
p/1671964777053.jpg 1 0 0 3000 3000
p/1671964777054.jpg 1 0 0 3000 3000
p/1671964777055.jpg 1 0 0 3000 3000
p/IMG_20221225_161744.jpg 1 0 0 3000 3000
p/IMG_20221225_161745.jpg 1 0 0 3000 3000
p/1671964777050.jpg 1 0 0 3000 3000
p/1671964777051.jpg 1 0 0 3000 3000
p/IMG_20221225_161743.jpg 1 0 0 3000 3000
p/1671964777048.jpg 1 0 0 3000 3000
p/1671964777049.jpg 1 0 0 3000 3000
p/IMG_20221225_161742.jpg 1 0 0 3000 3000
p/1671964777046.jpg 1 0 0 3000 3000
p/1671964777047.jpg 1 0 0 3000 3000
p/IMG_20221225_161741.jpg 1 0 0 3000 3000
p/1671964777044.jpg 1 0 0 3000 3000
p/1671964777045.jpg 1 0 0 3000 3000
p/IMG_20221225_161740.jpg 1 0 0 3000 3000
p/1671964777040.jpg 1 0 0 3000 3000
p/1671964777041.jpg 1 0 0 3000 3000
p/1671964777042.jpg 1 0 0 3000 3000
p/1671964777043.jpg 1 0 0 3000 3000
p/IMG_20221225_161736.jpg 1 0 0 3000 3000
p/IMG_20221225_161737.jpg 1 0 0 3000 3000
p/1671964777038.jpg 1 0 0 3000 3000
p/1671964777039.jpg 1 0 0 3000 3000
p/IMG_20221225_161735.jpg 1 0 0 3000 3000
p/1671964777034.jpg 1 0 0 3000 3000
p/1671964777035.jpg 1 0 0 3000 3000
p/1671964777036.jpg 1 0 0 3000 3000
p/1671964777037.jpg 1 0 0 3000 3000
p/IMG_20221225_161733.jpg 1 0 0 3000 3000
p/IMG_20221225_161734.jpg 1 0 0 3000 3000
p/1671964777030.jpg 1 0 0 3000 3000
p/1671964777031.jpg 1 0 0 3000 3000
p/1671964777032.jpg 1 0 0 3000 3000
p/1671964777033.jpg 1 0 0 3000 3000
p/IMG_20221225_161731.jpg 1 0 0 3000 3000
p/IMG_20221225_161732.jpg 1 0 0 3000 3000
p/1671964777026.jpg 1 0 0 3000 3000
p/1671964777027.jpg 1 0 0 3000 3000
p/1671964777028.jpg 1 0 0 3000 3000
p/1671964777029.jpg 1 0 0 3000 3000
p/IMG_20221225_161729.jpg 1 0 0 3000 3000
p/IMG_20221225_161730.jpg 1 0 0 3000 3000
p/1671964777022.jpg 1 0 0 3000 3000
p/1671964777023.jpg 1 0 0 3000 3000
p/1671964777024.jpg 1 0 0 3000 3000
p/1671964777025.jpg 1 0 0 3000 3000
p/IMG_20221225_161727.jpg 1 0 0 3000 3000
p/IMG_20221225_161728.jpg 1 0 0 3000 3000
p/1671964777020.jpg 1 0 0 3000 3000
p/1671964777021.jpg 1 0 0 3000 3000
p/IMG_20221225_161726.jpg 1 0 0 3000 3000
p/1671964777016.jpg 1 0 0 3000 3000
p/1671964777017.jpg 1 0 0 3000 3000
p/1671964777018.jpg 1 0 0 3000 3000
p/1671964777019.jpg 1 0 0 3000 3000
p/IMG_20221225_161724.jpg 1 0 0 3000 3000
p/IMG_20221225_161725.jpg 1 0 0 3000 3000
p/1671964777012.jpg 1 0 0 3000 3000
p/1671964777013.jpg 1 0 0 3000 3000
p/1671964777014.jpg 1 0 0 3000 3000
p/1671964777015.jpg 1 0 0 3000 3000
p/IMG_20221225_161722.jpg 1 0 0 3000 3000
p/IMG_20221225_161723.jpg 1 0 0 3000 3000
p/1671964777008.jpg 1 0 0 3000 3000
p/1671964777009.jpg 1 0 0 3000 3000
p/1671964777010.jpg 1 0 0 3000 3000
p/1671964777011.jpg 1 0 0 3000 3000
p/IMG_20221225_161720.jpg 1 0 0 3000 3000
p/IMG_20221225_161721.jpg 1 0 0 3000 3000
p/1671964777004.jpg 1 0 0 3000 3000
p/1671964777005.jpg 1 0 0 3000 3000
p/1671964777006.jpg 1 0 0 3000 3000
p/1671964777007.jpg 1 0 0 3000 3000
p/IMG_20221225_161718.jpg 1 0 0 3000 3000
p/IMG_20221225_161719.jpg 1 0 0 3000 3000
p/1671964777002.jpg 1 0 0 3000 3000
p/1671964777003.jpg 1 0 0 3000 3000
p/IMG_20221225_161717.jpg 1 0 0 3000 3000
p/1671964776998.jpg 1 0 0 3000 3000
p/1671964776999.jpg 1 0 0 3000 3000
p/1671964777000.jpg 1 0 0 3000 3000
p/1671964777001.jpg 1 0 0 3000 3000
p/IMG_20221225_161715.jpg 1 0 0 3000 3000
p/IMG_20221225_161716.jpg 1 0 0 3000 3000
p/1671964776994.jpg 1 0 0 3000 3000
p/1671964776995.jpg 1 0 0 3000 3000
p/1671964776996.jpg 1 0 0 3000 3000
p/1671964776997.jpg 1 0 0 3000 3000
p/IMG_20221225_161713.jpg 1 0 0 3000 3000
p/IMG_20221225_161714.jpg 1 0 0 3000 3000
p/1671964159874.jpg 1 0 0 3000 3000
p/1671964776865.jpg 1 0 0 3000 3000
p/1671964776866.jpg 1 0 0 3000 3000
p/1671964872270.jpg 1 0 0 3000 3000
p/1671964159872.jpg 1 0 0 3000 3000
p/1671964159873.jpg 1 0 0 3000 3000
p/1671964776861.jpg 1 0 0 3000 3000
p/1671964776862.jpg 1 0 0 3000 3000
p/1671964776863.jpg 1 0 0 3000 3000
p/1671964776864.jpg 1 0 0 3000 3000
p/1671964776990.jpg 1 0 0 3000 3000
p/1671964776991.jpg 1 0 0 3000 3000
p/1671964776992.jpg 1 0 0 3000 3000
p/1671964776993.jpg 1 0 0 3000 3000
p/1671964872268.jpg 1 0 0 3000 3000
p/1671964872269.jpg 1 0 0 3000 3000
p/IMG_20221225_161711.jpg 1 0 0 3000 3000
p/IMG_20221225_161712.jpg 1 0 0 3000 3000
p/1671964159871.jpg 1 0 0 3000 3000
p/1671964776859.jpg 1 0 0 3000 3000
p/1671964776860.jpg 1 0 0 3000 3000
p/1671964776988.jpg 1 0 0 3000 3000
p/1671964776989.jpg 1 0 0 3000 3000
p/1671964872267.jpg 1 0 0 3000 3000
p/IMG_20221225_161710.jpg 1 0 0 3000 3000
p/1671964159869.jpg 1 0 0 3000 3000
p/1671964159870.jpg 1 0 0 3000 3000
p/1671964776855.jpg 1 0 0 3000 3000
p/1671964776856.jpg 1 0 0 3000 3000
p/1671964776857.jpg 1 0 0 3000 3000
p/1671964776858.jpg 1 0 0 3000 3000
p/1671964776986.jpg 1 0 0 3000 3000
p/1671964776987.jpg 1 0 0 3000 3000
p/1671964872265.jpg 1 0 0 3000 3000
p/1671964872266.jpg 1 0 0 3000 3000
p/IMG_20221225_161709.jpg 1 0 0 3000 3000
p/1671964159868.jpg 1 0 0 3000 3000
p/1671964776853.jpg 1 0 0 3000 3000
p/1671964776854.jpg 1 0 0 3000 3000
p/1671964872264.jpg 1 0 0 3000 3000
p/1671964159866.jpg 1 0 0 3000 3000
p/1671964159867.jpg 1 0 0 3000 3000
p/1671964776849.jpg 1 0 0 3000 3000
p/1671964776850.jpg 1 0 0 3000 3000
p/1671964776851.jpg 1 0 0 3000 3000
p/1671964776852.jpg 1 0 0 3000 3000
p/1671964776984.jpg 1 0 0 3000 3000
p/1671964776985.jpg 1 0 0 3000 3000
p/1671964872262.jpg 1 0 0 3000 3000
p/1671964872263.jpg 1 0 0 3000 3000
p/IMG_20221225_161708.jpg 1 0 0 3000 3000
p/1671964159865.jpg 1 0 0 3000 3000
p/1671964776847.jpg 1 0 0 3000 3000
p/1671964776848.jpg 1 0 0 3000 3000
p/1671964776982.jpg 1 0 0 3000 3000
p/1671964776983.jpg 1 0 0 3000 3000
p/1671964872261.jpg 1 0 0 3000 3000
p/IMG_20221225_161707.jpg 1 0 0 3000 3000
p/1671964159863.jpg 1 0 0 3000 3000
p/1671964159864.jpg 1 0 0 3000 3000
p/1671964776843.jpg 1 0 0 3000 3000
p/1671964776844.jpg 1 0 0 3000 3000
p/1671964776845.jpg 1 0 0 3000 3000
p/1671964776846.jpg 1 0 0 3000 3000
p/1671964776978.jpg 1 0 0 3000 3000
p/1671964776979.jpg 1 0 0 3000 3000
p/1671964776980.jpg 1 0 0 3000 3000
p/1671964776981.jpg 1 0 0 3000 3000
p/1671964872259.jpg 1 0 0 3000 3000
p/1671964872260.jpg 1 0 0 3000 3000
p/IMG_20221225_161705.jpg 1 0 0 3000 3000
p/IMG_20221225_161706.jpg 1 0 0 3000 3000
p/1671964159862.jpg 1 0 0 3000 3000
p/1671964776841.jpg 1 0 0 3000 3000
p/1671964776842.jpg 1 0 0 3000 3000
p/1671964776976.jpg 1 0 0 3000 3000
p/1671964776977.jpg 1 0 0 3000 3000
p/1671964872258.jpg 1 0 0 3000 3000
p/IMG_20221225_161704.jpg 1 0 0 3000 3000
p/1671964159861.jpg 1 0 0 3000 3000
p/1671964776839.jpg 1 0 0 3000 3000
p/1671964776840.jpg 1 0 0 3000 3000
p/1671964872257.jpg 1 0 0 3000 3000
p/1671964159859.jpg 1 0 0 3000 3000
p/1671964159860.jpg 1 0 0 3000 3000
p/1671964776835.jpg 1 0 0 3000 3000
p/1671964776836.jpg 1 0 0 3000 3000
p/1671964776837.jpg 1 0 0 3000 3000
p/1671964776838.jpg 1 0 0 3000 3000
p/1671964776974.jpg 1 0 0 3000 3000
p/1671964776975.jpg 1 0 0 3000 3000
p/1671964872255.jpg 1 0 0 3000 3000
p/1671964872256.jpg 1 0 0 3000 3000
p/IMG_20221225_161703.jpg 1 0 0 3000 3000
p/1671964159858.jpg 1 0 0 3000 3000
p/1671964776833.jpg 1 0 0 3000 3000
p/1671964776834.jpg 1 0 0 3000 3000
p/1671964776972.jpg 1 0 0 3000 3000
p/1671964776973.jpg 1 0 0 3000 3000
p/1671964872254.jpg 1 0 0 3000 3000
p/IMG_20221225_161702.jpg 1 0 0 3000 3000
p/1671964159856.jpg 1 0 0 3000 3000
p/1671964159857.jpg 1 0 0 3000 3000
p/1671964776829.jpg 1 0 0 3000 3000
p/1671964776830.jpg 1 0 0 3000 3000
p/1671964776831.jpg 1 0 0 3000 3000
p/1671964776832.jpg 1 0 0 3000 3000
p/1671964776968.jpg 1 0 0 3000 3000
p/1671964776969.jpg 1 0 0 3000 3000
p/1671964776970.jpg 1 0 0 3000 3000
p/1671964776971.jpg 1 0 0 3000 3000
p/1671964872252.jpg 1 0 0 3000 3000
p/1671964872253.jpg 1 0 0 3000 3000
p/IMG_20221225_161700.jpg 1 0 0 3000 3000
p/IMG_20221225_161701.jpg 1 0 0 3000 3000
p/1671964159855.jpg 1 0 0 3000 3000
p/1671964776827.jpg 1 0 0 3000 3000
p/1671964776828.jpg 1 0 0 3000 3000
p/1671964776966.jpg 1 0 0 3000 3000
p/1671964776967.jpg 1 0 0 3000 3000
p/1671964872251.jpg 1 0 0 3000 3000
p/IMG_20221225_161659.jpg 1 0 0 3000 3000
p/1671964159854.jpg 1 0 0 3000 3000
p/1671964776825.jpg 1 0 0 3000 3000
p/1671964776826.jpg 1 0 0 3000 3000
p/1671964872250.jpg 1 0 0 3000 3000
p/1671964159853.jpg 1 0 0 3000 3000
p/1671964776823.jpg 1 0 0 3000 3000
p/1671964776824.jpg 1 0 0 3000 3000
p/1671964776964.jpg 1 0 0 3000 3000
p/1671964776965.jpg 1 0 0 3000 3000
p/1671964872249.jpg 1 0 0 3000 3000
p/IMG_20221225_161658.jpg 1 0 0 3000 3000
p/1671964159852.jpg 1 0 0 3000 3000
p/1671964776821.jpg 1 0 0 3000 3000
p/1671964776822.jpg 1 0 0 3000 3000
p/1671964776962.jpg 1 0 0 3000 3000
p/1671964776963.jpg 1 0 0 3000 3000
p/1671964872248.jpg 1 0 0 3000 3000
p/IMG_20221225_161657.jpg 1 0 0 3000 3000
p/1671964159851.jpg 1 0 0 3000 3000
p/1671964776819.jpg 1 0 0 3000 3000
p/1671964776820.jpg 1 0 0 3000 3000
p/1671964776960.jpg 1 0 0 3000 3000
p/1671964776961.jpg 1 0 0 3000 3000
p/1671964872247.jpg 1 0 0 3000 3000
p/IMG_20221225_161656.jpg 1 0 0 3000 3000
p/1671964159849.jpg 1 0 0 3000 3000
p/1671964159850.jpg 1 0 0 3000 3000
p/1671964776815.jpg 1 0 0 3000 3000
p/1671964776816.jpg 1 0 0 3000 3000
p/1671964776817.jpg 1 0 0 3000 3000
p/1671964776818.jpg 1 0 0 3000 3000
p/1671964776956.jpg 1 0 0 3000 3000
p/1671964776957.jpg 1 0 0 3000 3000
p/1671964776958.jpg 1 0 0 3000 3000
p/1671964776959.jpg 1 0 0 3000 3000
p/1671964872245.jpg 1 0 0 3000 3000
p/1671964872246.jpg 1 0 0 3000 3000
p/IMG_20221225_161654.jpg 1 0 0 3000 3000
p/IMG_20221225_161655.jpg 1 0 0 3000 3000
p/1671964159848.jpg 1 0 0 3000 3000
p/1671964776813.jpg 1 0 0 3000 3000
p/1671964776814.jpg 1 0 0 3000 3000
p/1671964776954.jpg 1 0 0 3000 3000
p/1671964776955.jpg 1 0 0 3000 3000
p/1671964872244.jpg 1 0 0 3000 3000
p/IMG_20221225_161653.jpg 1 0 0 3000 3000
p/1671964159847.jpg 1 0 0 3000 3000
p/1671964776811.jpg 1 0 0 3000 3000
p/1671964776812.jpg 1 0 0 3000 3000
p/1671964776952.jpg 1 0 0 3000 3000
p/1671964776953.jpg 1 0 0 3000 3000
p/1671964872243.jpg 1 0 0 3000 3000
p/IMG_20221225_161652.jpg 1 0 0 3000 3000
p/1671964159846.jpg 1 0 0 3000 3000
p/1671964776809.jpg 1 0 0 3000 3000
p/1671964776810.jpg 1 0 0 3000 3000
p/1671964872242.jpg 1 0 0 3000 3000
p/1671964159844.jpg 1 0 0 3000 3000
p/1671964159845.jpg 1 0 0 3000 3000
p/1671964776805.jpg 1 0 0 3000 3000
p/1671964776806.jpg 1 0 0 3000 3000
p/1671964776807.jpg 1 0 0 3000 3000
p/1671964776808.jpg 1 0 0 3000 3000
p/1671964776948.jpg 1 0 0 3000 3000
p/1671964776949.jpg 1 0 0 3000 3000
p/1671964776950.jpg 1 0 0 3000 3000
p/1671964776951.jpg 1 0 0 3000 3000
p/1671964872240.jpg 1 0 0 3000 3000
p/1671964872241.jpg 1 0 0 3000 3000
p/IMG_20221225_161632.jpg 1 0 0 3000 3000
p/IMG_20221225_161633.jpg 1 0 0 3000 3000
p/1671964159843.jpg 1 0 0 3000 3000
p/1671964776803.jpg 1 0 0 3000 3000
p/1671964776804.jpg 1 0 0 3000 3000
p/1671964872239.jpg 1 0 0 3000 3000
p/1671964159841.jpg 1 0 0 3000 3000
p/1671964159842.jpg 1 0 0 3000 3000
p/1671964776799.jpg 1 0 0 3000 3000
p/1671964776800.jpg 1 0 0 3000 3000
p/1671964776801.jpg 1 0 0 3000 3000
p/1671964776802.jpg 1 0 0 3000 3000
p/1671964776944.jpg 1 0 0 3000 3000
p/1671964776945.jpg 1 0 0 3000 3000
p/1671964776946.jpg 1 0 0 3000 3000
p/1671964776947.jpg 1 0 0 3000 3000
p/1671964872237.jpg 1 0 0 3000 3000
p/1671964872238.jpg 1 0 0 3000 3000
p/IMG_20221225_161630.jpg 1 0 0 3000 3000
p/IMG_20221225_161631.jpg 1 0 0 3000 3000
p/1671964159840.jpg 1 0 0 3000 3000
p/1671964776797.jpg 1 0 0 3000 3000
p/1671964776798.jpg 1 0 0 3000 3000
p/1671964872236.jpg 1 0 0 3000 3000
p/1671964159838.jpg 1 0 0 3000 3000
p/1671964159839.jpg 1 0 0 3000 3000
p/1671964776793.jpg 1 0 0 3000 3000
p/1671964776794.jpg 1 0 0 3000 3000
p/1671964776795.jpg 1 0 0 3000 3000
p/1671964776796.jpg 1 0 0 3000 3000
p/1671964776940.jpg 1 0 0 3000 3000
p/1671964776941.jpg 1 0 0 3000 3000
p/1671964776942.jpg 1 0 0 3000 3000
p/1671964776943.jpg 1 0 0 3000 3000
p/1671964872234.jpg 1 0 0 3000 3000
p/1671964872235.jpg 1 0 0 3000 3000
p/IMG_20221225_161628.jpg 1 0 0 3000 3000
p/IMG_20221225_161629.jpg 1 0 0 3000 3000
p/1671964159836.jpg 1 0 0 3000 3000
p/1671964159837.jpg 1 0 0 3000 3000
p/1671964776789.jpg 1 0 0 3000 3000
p/1671964776790.jpg 1 0 0 3000 3000
p/1671964776791.jpg 1 0 0 3000 3000
p/1671964776792.jpg 1 0 0 3000 3000
p/1671964776936.jpg 1 0 0 3000 3000
p/1671964776937.jpg 1 0 0 3000 3000
p/1671964776938.jpg 1 0 0 3000 3000
p/1671964776939.jpg 1 0 0 3000 3000
p/1671964872232.jpg 1 0 0 3000 3000
p/1671964872233.jpg 1 0 0 3000 3000
p/IMG_20221225_161623.jpg 1 0 0 3000 3000
p/IMG_20221225_161624.jpg 1 0 0 3000 3000
p/1671964159835.jpg 1 0 0 3000 3000
p/1671964776787.jpg 1 0 0 3000 3000
p/1671964776788.jpg 1 0 0 3000 3000
p/1671964872231.jpg 1 0 0 3000 3000
p/1671964159833.jpg 1 0 0 3000 3000
p/1671964159834.jpg 1 0 0 3000 3000
p/1671964776783.jpg 1 0 0 3000 3000
p/1671964776784.jpg 1 0 0 3000 3000
p/1671964776785.jpg 1 0 0 3000 3000
p/1671964776786.jpg 1 0 0 3000 3000
p/1671964776932.jpg 1 0 0 3000 3000
p/1671964776933.jpg 1 0 0 3000 3000
p/1671964776934.jpg 1 0 0 3000 3000
p/1671964776935.jpg 1 0 0 3000 3000
p/1671964872229.jpg 1 0 0 3000 3000
p/1671964872230.jpg 1 0 0 3000 3000
p/IMG_20221225_161621.jpg 1 0 0 3000 3000
p/IMG_20221225_161622.jpg 1 0 0 3000 3000
p/1671964159832.jpg 1 0 0 3000 3000
p/1671964776781.jpg 1 0 0 3000 3000
p/1671964776782.jpg 1 0 0 3000 3000
p/1671964872228.jpg 1 0 0 3000 3000
p/1671964159829.jpg 1 0 0 3000 3000
p/1671964159830.jpg 1 0 0 3000 3000
p/1671964776777.jpg 1 0 0 3000 3000
p/1671964776778.jpg 1 0 0 3000 3000
p/1671964776779.jpg 1 0 0 3000 3000
p/1671964776780.jpg 1 0 0 3000 3000
p/1671964776928.jpg 1 0 0 3000 3000
p/1671964776929.jpg 1 0 0 3000 3000
p/1671964776930.jpg 1 0 0 3000 3000
p/1671964776931.jpg 1 0 0 3000 3000
p/1671964872226.jpg 1 0 0 3000 3000
p/1671964872227.jpg 1 0 0 3000 3000
p/IMG_20221225_161619.jpg 1 0 0 3000 3000
p/IMG_20221225_161620.jpg 1 0 0 3000 3000
p/1671964159828.jpg 1 0 0 3000 3000
p/1671964776775.jpg 1 0 0 3000 3000
p/1671964776776.jpg 1 0 0 3000 3000
p/1671964872225.jpg 1 0 0 3000 3000
p/1671964159826.jpg 1 0 0 3000 3000
p/1671964159827.jpg 1 0 0 3000 3000
p/1671964776771.jpg 1 0 0 3000 3000
p/1671964776772.jpg 1 0 0 3000 3000
p/1671964776773.jpg 1 0 0 3000 3000
p/1671964776774.jpg 1 0 0 3000 3000
p/1671964776924.jpg 1 0 0 3000 3000
p/1671964776925.jpg 1 0 0 3000 3000
p/1671964776926.jpg 1 0 0 3000 3000
p/1671964776927.jpg 1 0 0 3000 3000
p/1671964872223.jpg 1 0 0 3000 3000
p/1671964872224.jpg 1 0 0 3000 3000
p/IMG_20221225_161617.jpg 1 0 0 3000 3000
p/IMG_20221225_161618.jpg 1 0 0 3000 3000
p/1671964159825.jpg 1 0 0 3000 3000
p/1671964776769.jpg 1 0 0 3000 3000
p/1671964776770.jpg 1 0 0 3000 3000
p/1671964872222.jpg 1 0 0 3000 3000
p/1671964159823.jpg 1 0 0 3000 3000
p/1671964159824.jpg 1 0 0 3000 3000
p/1671964776765.jpg 1 0 0 3000 3000
p/1671964776766.jpg 1 0 0 3000 3000
p/1671964776767.jpg 1 0 0 3000 3000
p/1671964776768.jpg 1 0 0 3000 3000
p/1671964776920.jpg 1 0 0 3000 3000
p/1671964776921.jpg 1 0 0 3000 3000
p/1671964776922.jpg 1 0 0 3000 3000
p/1671964776923.jpg 1 0 0 3000 3000
p/1671964872220.jpg 1 0 0 3000 3000
p/1671964872221.jpg 1 0 0 3000 3000
p/IMG_20221225_161615.jpg 1 0 0 3000 3000
p/IMG_20221225_161616.jpg 1 0 0 3000 3000
p/1671964159822.jpg 1 0 0 3000 3000
p/1671964776763.jpg 1 0 0 3000 3000
p/1671964776764.jpg 1 0 0 3000 3000
p/1671964872219.jpg 1 0 0 3000 3000
p/1671964159821.jpg 1 0 0 3000 3000
p/1671964776761.jpg 1 0 0 3000 3000
p/1671964776762.jpg 1 0 0 3000 3000
p/1671964776918.jpg 1 0 0 3000 3000
p/1671964776919.jpg 1 0 0 3000 3000
p/1671964872218.jpg 1 0 0 3000 3000
p/IMG_20221225_161614.jpg 1 0 0 3000 3000
p/1671964159819.jpg 1 0 0 3000 3000
p/1671964159820.jpg 1 0 0 3000 3000
p/1671964776757.jpg 1 0 0 3000 3000
p/1671964776758.jpg 1 0 0 3000 3000
p/1671964776759.jpg 1 0 0 3000 3000
p/1671964776760.jpg 1 0 0 3000 3000
p/1671964776914.jpg 1 0 0 3000 3000
p/1671964776915.jpg 1 0 0 3000 3000
p/1671964776916.jpg 1 0 0 3000 3000
p/1671964776917.jpg 1 0 0 3000 3000
p/1671964872216.jpg 1 0 0 3000 3000
p/1671964872217.jpg 1 0 0 3000 3000
p/IMG_20221225_161612.jpg 1 0 0 3000 3000
p/IMG_20221225_161613.jpg 1 0 0 3000 3000
p/1671964159817.jpg 1 0 0 3000 3000
p/1671964159818.jpg 1 0 0 3000 3000
p/1671964776753.jpg 1 0 0 3000 3000
p/1671964776754.jpg 1 0 0 3000 3000
p/1671964776755.jpg 1 0 0 3000 3000
p/1671964776756.jpg 1 0 0 3000 3000
p/1671964776912.jpg 1 0 0 3000 3000
p/1671964776913.jpg 1 0 0 3000 3000
p/1671964872214.jpg 1 0 0 3000 3000
p/1671964872215.jpg 1 0 0 3000 3000
p/IMG_20221225_161611.jpg 1 0 0 3000 3000
p/1671964159816.jpg 1 0 0 3000 3000
p/1671964776751.jpg 1 0 0 3000 3000
p/1671964776752.jpg 1 0 0 3000 3000
p/1671964776910.jpg 1 0 0 3000 3000
p/1671964776911.jpg 1 0 0 3000 3000
p/1671964872213.jpg 1 0 0 3000 3000
p/IMG_20221225_161610.jpg 1 0 0 3000 3000
p/1671964159815.jpg 1 0 0 3000 3000
p/1671964776749.jpg 1 0 0 3000 3000
p/1671964776750.jpg 1 0 0 3000 3000
p/1671964872212.jpg 1 0 0 3000 3000
p/1671964159813.jpg 1 0 0 3000 3000
p/1671964159814.jpg 1 0 0 3000 3000
p/1671964776745.jpg 1 0 0 3000 3000
p/1671964776746.jpg 1 0 0 3000 3000
p/1671964776747.jpg 1 0 0 3000 3000
p/1671964776748.jpg 1 0 0 3000 3000
p/1671964776908.jpg 1 0 0 3000 3000
p/1671964776909.jpg 1 0 0 3000 3000
p/1671964872210.jpg 1 0 0 3000 3000
p/1671964872211.jpg 1 0 0 3000 3000
p/IMG_20221225_161609.jpg 1 0 0 3000 3000
p/1671964159811.jpg 1 0 0 3000 3000
p/1671964159812.jpg 1 0 0 3000 3000
p/1671964776741.jpg 1 0 0 3000 3000
p/1671964776742.jpg 1 0 0 3000 3000
p/1671964776743.jpg 1 0 0 3000 3000
p/1671964776744.jpg 1 0 0 3000 3000
p/1671964776904.jpg 1 0 0 3000 3000
p/1671964776905.jpg 1 0 0 3000 3000
p/1671964776906.jpg 1 0 0 3000 3000
p/1671964776907.jpg 1 0 0 3000 3000
p/1671964872208.jpg 1 0 0 3000 3000
p/1671964872209.jpg 1 0 0 3000 3000
p/IMG_20221225_161607.jpg 1 0 0 3000 3000
p/IMG_20221225_161608.jpg 1 0 0 3000 3000
p/1671964159810.jpg 1 0 0 3000 3000
p/1671964776739.jpg 1 0 0 3000 3000
p/1671964776740.jpg 1 0 0 3000 3000
p/1671964776902.jpg 1 0 0 3000 3000
p/1671964776903.jpg 1 0 0 3000 3000
p/1671964872206.jpg 1 0 0 3000 3000
p/IMG_20221225_161606.jpg 1 0 0 3000 3000
p/1671964159809.jpg 1 0 0 3000 3000
p/1671964776737.jpg 1 0 0 3000 3000
p/1671964776738.jpg 1 0 0 3000 3000
p/1671964872205.jpg 1 0 0 3000 3000
p/1671964159807.jpg 1 0 0 3000 3000
p/1671964159808.jpg 1 0 0 3000 3000
p/1671964776733.jpg 1 0 0 3000 3000
p/1671964776734.jpg 1 0 0 3000 3000
p/1671964776735.jpg 1 0 0 3000 3000
p/1671964776736.jpg 1 0 0 3000 3000
p/1671964776900.jpg 1 0 0 3000 3000
p/1671964776901.jpg 1 0 0 3000 3000
p/1671964872203.jpg 1 0 0 3000 3000
p/1671964872204.jpg 1 0 0 3000 3000
p/IMG_20221225_161605.jpg 1 0 0 3000 3000
p/1671964159805.jpg 1 0 0 3000 3000
p/1671964159806.jpg 1 0 0 3000 3000
p/1671964776729.jpg 1 0 0 3000 3000
p/1671964776730.jpg 1 0 0 3000 3000
p/1671964776731.jpg 1 0 0 3000 3000
p/1671964776732.jpg 1 0 0 3000 3000
p/1671964776898.jpg 1 0 0 3000 3000
p/1671964776899.jpg 1 0 0 3000 3000
p/1671964872201.jpg 1 0 0 3000 3000
p/1671964872202.jpg 1 0 0 3000 3000
p/IMG_20221225_161604.jpg 1 0 0 3000 3000
p/1671964159803.jpg 1 0 0 3000 3000
p/1671964159804.jpg 1 0 0 3000 3000
p/1671964776725.jpg 1 0 0 3000 3000
p/1671964776726.jpg 1 0 0 3000 3000
p/1671964776727.jpg 1 0 0 3000 3000
p/1671964776728.jpg 1 0 0 3000 3000
p/1671964776894.jpg 1 0 0 3000 3000
p/1671964776895.jpg 1 0 0 3000 3000
p/1671964776896.jpg 1 0 0 3000 3000
p/1671964776897.jpg 1 0 0 3000 3000
p/1671964872199.jpg 1 0 0 3000 3000
p/1671964872200.jpg 1 0 0 3000 3000
p/IMG_20221225_161602.jpg 1 0 0 3000 3000
p/IMG_20221225_161603.jpg 1 0 0 3000 3000
p/1671964159802.jpg 1 0 0 3000 3000
p/1671964776723.jpg 1 0 0 3000 3000
p/1671964776724.jpg 1 0 0 3000 3000
p/1671964872198.jpg 1 0 0 3000 3000
p/1671964159800.jpg 1 0 0 3000 3000
p/1671964159801.jpg 1 0 0 3000 3000
p/1671964776719.jpg 1 0 0 3000 3000
p/1671964776720.jpg 1 0 0 3000 3000
p/1671964776721.jpg 1 0 0 3000 3000
p/1671964776722.jpg 1 0 0 3000 3000
p/1671964776890.jpg 1 0 0 3000 3000
p/1671964776891.jpg 1 0 0 3000 3000
p/1671964776892.jpg 1 0 0 3000 3000
p/1671964776893.jpg 1 0 0 3000 3000
p/1671964872196.jpg 1 0 0 3000 3000
p/1671964872197.jpg 1 0 0 3000 3000
p/IMG_20221225_161600.jpg 1 0 0 3000 3000
p/IMG_20221225_161601.jpg 1 0 0 3000 3000
p/1671964159799.jpg 1 0 0 3000 3000
p/1671964776717.jpg 1 0 0 3000 3000
p/1671964776718.jpg 1 0 0 3000 3000
p/1671964776888.jpg 1 0 0 3000 3000
p/1671964776889.jpg 1 0 0 3000 3000
p/1671964872195.jpg 1 0 0 3000 3000
p/IMG_20221225_161559.jpg 1 0 0 3000 3000
p/1671964159798.jpg 1 0 0 3000 3000
p/1671964776715.jpg 1 0 0 3000 3000
p/1671964776716.jpg 1 0 0 3000 3000
p/1671964872194.jpg 1 0 0 3000 3000
p/1671964159796.jpg 1 0 0 3000 3000
p/1671964159797.jpg 1 0 0 3000 3000
p/1671964776711.jpg 1 0 0 3000 3000
p/1671964776712.jpg 1 0 0 3000 3000
p/1671964776713.jpg 1 0 0 3000 3000
p/1671964776714.jpg 1 0 0 3000 3000
p/1671964776886.jpg 1 0 0 3000 3000
p/1671964776887.jpg 1 0 0 3000 3000
p/1671964872192.jpg 1 0 0 3000 3000
p/1671964872193.jpg 1 0 0 3000 3000
p/IMG_20221225_161558.jpg 1 0 0 3000 3000
p/1671964159794.jpg 1 0 0 3000 3000
p/1671964159795.jpg 1 0 0 3000 3000
p/1671964776707.jpg 1 0 0 3000 3000
p/1671964776708.jpg 1 0 0 3000 3000
p/1671964776709.jpg 1 0 0 3000 3000
p/1671964776710.jpg 1 0 0 3000 3000
p/1671964776884.jpg 1 0 0 3000 3000
p/1671964776885.jpg 1 0 0 3000 3000
p/1671964872190.jpg 1 0 0 3000 3000
p/1671964872191.jpg 1 0 0 3000 3000
p/IMG_20221225_161557.jpg 1 0 0 3000 3000
p/1671964159793.jpg 1 0 0 3000 3000
p/1671964776705.jpg 1 0 0 3000 3000
p/1671964776706.jpg 1 0 0 3000 3000
p/1671964776882.jpg 1 0 0 3000 3000
p/1671964776883.jpg 1 0 0 3000 3000
p/1671964872189.jpg 1 0 0 3000 3000
p/IMG_20221225_161556.jpg 1 0 0 3000 3000
p/1671964159791.jpg 1 0 0 3000 3000
p/1671964159792.jpg 1 0 0 3000 3000
p/1671964776701.jpg 1 0 0 3000 3000
p/1671964776702.jpg 1 0 0 3000 3000
p/1671964776703.jpg 1 0 0 3000 3000
p/1671964776704.jpg 1 0 0 3000 3000
p/1671964776880.jpg 1 0 0 3000 3000
p/1671964776881.jpg 1 0 0 3000 3000
p/1671964872187.jpg 1 0 0 3000 3000
p/1671964872188.jpg 1 0 0 3000 3000
p/IMG_20221225_161555.jpg 1 0 0 3000 3000
p/1671964159789.jpg 1 0 0 3000 3000
p/1671964159790.jpg 1 0 0 3000 3000
p/1671964776697.jpg 1 0 0 3000 3000
p/1671964776698.jpg 1 0 0 3000 3000
p/1671964776699.jpg 1 0 0 3000 3000
p/1671964776700.jpg 1 0 0 3000 3000
p/1671964776876.jpg 1 0 0 3000 3000
p/1671964776877.jpg 1 0 0 3000 3000
p/1671964776878.jpg 1 0 0 3000 3000
p/1671964776879.jpg 1 0 0 3000 3000
p/1671964872185.jpg 1 0 0 3000 3000
p/1671964872186.jpg 1 0 0 3000 3000
p/IMG_20221225_161553.jpg 1 0 0 3000 3000
p/IMG_20221225_161554.jpg 1 0 0 3000 3000
p/1671964159788.jpg 1 0 0 3000 3000
p/1671964776695.jpg 1 0 0 3000 3000
p/1671964776696.jpg 1 0 0 3000 3000
p/1671964872184.jpg 1 0 0 3000 3000
p/1671964872287.jpg 1 0 0 3000 3000
p/1671964872288.jpg 1 0 0 3000 3000
p/1671964159786.jpg 1 0 0 3000 3000
p/1671964159787.jpg 1 0 0 3000 3000
p/1671964776691.jpg 1 0 0 3000 3000
p/1671964776692.jpg 1 0 0 3000 3000
p/1671964776693.jpg 1 0 0 3000 3000
p/1671964776694.jpg 1 0 0 3000 3000
p/1671964776871.jpg 1 0 0 3000 3000
p/1671964776872.jpg 1 0 0 3000 3000
p/1671964776873.jpg 1 0 0 3000 3000
p/1671964776874.jpg 1 0 0 3000 3000
p/1671964872182.jpg 1 0 0 3000 3000
p/1671964872183.jpg 1 0 0 3000 3000
p/1671964872282.jpg 1 0 0 3000 3000
p/1671964872283.jpg 1 0 0 3000 3000
p/1671964872284.jpg 1 0 0 3000 3000
p/1671964872285.jpg 1 0 0 3000 3000
p/IMG_20221225_161551.jpg 1 0 0 3000 3000
p/IMG_20221225_161552.jpg 1 0 0 3000 3000
p/1671964159785.jpg 1 0 0 3000 3000
p/1671964776689.jpg 1 0 0 3000 3000
p/1671964776690.jpg 1 0 0 3000 3000
p/1671964776869.jpg 1 0 0 3000 3000
p/1671964776870.jpg 1 0 0 3000 3000
p/1671964872181.jpg 1 0 0 3000 3000
p/1671964872280.jpg 1 0 0 3000 3000
p/1671964872281.jpg 1 0 0 3000 3000
p/IMG_20221225_161550.jpg 1 0 0 3000 3000
p/1671964159784.jpg 1 0 0 3000 3000
p/1671964776687.jpg 1 0 0 3000 3000
p/1671964776688.jpg 1 0 0 3000 3000
p/1671964776867.jpg 1 0 0 3000 3000
p/1671964776868.jpg 1 0 0 3000 3000
p/1671964872180.jpg 1 0 0 3000 3000
p/1671964872277.jpg 1 0 0 3000 3000
p/1671964872279.jpg 1 0 0 3000 3000
p/IMG_20221225_161529.jpg 1 0 0 3000 3000